2024-09-02T10:26:12.076+05:30  INFO 10148 --- [15_jwtsecurity_app] [restartedMain] com.techlab.jwtsecurity.Application      : Starting Application using Java 21.0.3 with PID 10148 (D:\spring_prj\15_jwtsecurity_app\target\classes started by Vinayak.Garudi in D:\spring_prj\15_jwtsecurity_app)
2024-09-02T10:26:12.101+05:30  INFO 10148 --- [15_jwtsecurity_app] [restartedMain] com.techlab.jwtsecurity.Application      : No active profile set, falling back to 1 default profile: "default"
2024-09-02T10:26:12.165+05:30  INFO 10148 --- [15_jwtsecurity_app] [restartedMain] .e.DevToolsPropertyDefaultsPostProcessor : Devtools property defaults active! Set 'spring.devtools.add-properties' to 'false' to disable
2024-09-02T10:26:12.166+05:30  INFO 10148 --- [15_jwtsecurity_app] [restartedMain] .e.DevToolsPropertyDefaultsPostProcessor : For additional web related logging consider setting the 'logging.level.web' property to 'DEBUG'
2024-09-02T10:26:13.249+05:30  INFO 10148 --- [15_jwtsecurity_app] [restartedMain] .s.d.r.c.RepositoryConfigurationDelegate : Bootstrapping Spring Data JPA repositories in DEFAULT mode.
2024-09-02T10:26:13.364+05:30  INFO 10148 --- [15_jwtsecurity_app] [restartedMain] .s.d.r.c.RepositoryConfigurationDelegate : Finished Spring Data repository scanning in 104 ms. Found 3 JPA repository interfaces.
2024-09-02T10:26:14.696+05:30  INFO 10148 --- [15_jwtsecurity_app] [restartedMain] o.s.b.w.embedded.tomcat.TomcatWebServer  : Tomcat initialized with port 8080 (http)
2024-09-02T10:26:14.731+05:30  INFO 10148 --- [15_jwtsecurity_app] [restartedMain] o.apache.catalina.core.StandardService   : Starting service [Tomcat]
2024-09-02T10:26:14.732+05:30  INFO 10148 --- [15_jwtsecurity_app] [restartedMain] o.apache.catalina.core.StandardEngine    : Starting Servlet engine: [Apache Tomcat/10.1.28]
2024-09-02T10:26:14.848+05:30  INFO 10148 --- [15_jwtsecurity_app] [restartedMain] o.a.c.c.C.[Tomcat].[localhost].[/]       : Initializing Spring embedded WebApplicationContext
2024-09-02T10:26:14.850+05:30  INFO 10148 --- [15_jwtsecurity_app] [restartedMain] w.s.c.ServletWebServerApplicationContext : Root WebApplicationContext: initialization completed in 2683 ms
2024-09-02T10:26:15.169+05:30  INFO 10148 --- [15_jwtsecurity_app] [restartedMain] o.hibernate.jpa.internal.util.LogHelper  : HHH000204: Processing PersistenceUnitInfo [name: default]
2024-09-02T10:26:15.298+05:30  INFO 10148 --- [15_jwtsecurity_app] [restartedMain] org.hibernate.Version                    : HHH000412: Hibernate ORM core version 6.5.2.Final
2024-09-02T10:26:15.367+05:30  INFO 10148 --- [15_jwtsecurity_app] [restartedMain] o.h.c.internal.RegionFactoryInitiator    : HHH000026: Second-level cache disabled
2024-09-02T10:26:16.025+05:30  INFO 10148 --- [15_jwtsecurity_app] [restartedMain] o.s.o.j.p.SpringPersistenceUnitInfo      : No LoadTimeWeaver setup: ignoring JPA class transformer
2024-09-02T10:26:16.077+05:30  INFO 10148 --- [15_jwtsecurity_app] [restartedMain] com.zaxxer.hikari.HikariDataSource       : HikariPool-1 - Starting...
2024-09-02T10:26:16.928+05:30  INFO 10148 --- [15_jwtsecurity_app] [restartedMain] com.zaxxer.hikari.pool.HikariPool        : HikariPool-1 - Added connection com.mysql.cj.jdbc.ConnectionImpl@18774782
2024-09-02T10:26:16.933+05:30  INFO 10148 --- [15_jwtsecurity_app] [restartedMain] com.zaxxer.hikari.HikariDataSource       : HikariPool-1 - Start completed.
2024-09-02T10:26:18.274+05:30  INFO 10148 --- [15_jwtsecurity_app] [restartedMain] o.h.e.t.j.p.i.JtaPlatformInitiator       : HHH000489: No JTA platform available (set 'hibernate.transaction.jta.platform' to enable JTA platform integration)
2024-09-02T10:26:18.353+05:30  INFO 10148 --- [15_jwtsecurity_app] [restartedMain] j.LocalContainerEntityManagerFactoryBean : Initialized JPA EntityManagerFactory for persistence unit 'default'
2024-09-02T10:26:18.706+05:30  WARN 10148 --- [15_jwtsecurity_app] [restartedMain] ConfigServletWebServerApplicationContext : Exception encountered during context initialization - cancelling refresh attempt: org.springframework.beans.factory.UnsatisfiedDependencyException: Error creating bean with name 'customerController': Unsatisfied dependency expressed through field 'customerService': No qualifying bean of type 'com.techlab.jwtsecurity.service.CustomerService' available: expected at least 1 bean which qualifies as autowire candidate. Dependency annotations: {@org.springframework.beans.factory.annotation.Autowired(required=true)}
2024-09-02T10:26:18.707+05:30  INFO 10148 --- [15_jwtsecurity_app] [restartedMain] j.LocalContainerEntityManagerFactoryBean : Closing JPA EntityManagerFactory for persistence unit 'default'
2024-09-02T10:26:18.727+05:30  INFO 10148 --- [15_jwtsecurity_app] [restartedMain] com.zaxxer.hikari.HikariDataSource       : HikariPool-1 - Shutdown initiated...
2024-09-02T10:26:18.747+05:30  INFO 10148 --- [15_jwtsecurity_app] [restartedMain] com.zaxxer.hikari.HikariDataSource       : HikariPool-1 - Shutdown completed.
2024-09-02T10:26:18.751+05:30  INFO 10148 --- [15_jwtsecurity_app] [restartedMain] o.apache.catalina.core.StandardService   : Stopping service [Tomcat]
2024-09-02T10:26:18.766+05:30  INFO 10148 --- [15_jwtsecurity_app] [restartedMain] .s.b.a.l.ConditionEvaluationReportLogger : 

Error starting ApplicationContext. To display the condition evaluation report re-run your application with 'debug' enabled.
2024-09-02T10:26:18.820+05:30 ERROR 10148 --- [15_jwtsecurity_app] [restartedMain] o.s.b.d.LoggingFailureAnalysisReporter   : 

***************************
APPLICATION FAILED TO START
***************************

Description:

Field customerService in com.techlab.jwtsecurity.controller.CustomerController required a bean of type 'com.techlab.jwtsecurity.service.CustomerService' that could not be found.

The injection point has the following annotations:
	- @org.springframework.beans.factory.annotation.Autowired(required=true)


Action:

Consider defining a bean of type 'com.techlab.jwtsecurity.service.CustomerService' in your configuration.

2024-09-02T10:26:56.374+05:30  INFO 9836 --- [15_jwtsecurity_app] [restartedMain] com.techlab.jwtsecurity.Application      : Starting Application using Java 21.0.3 with PID 9836 (D:\spring_prj\15_jwtsecurity_app\target\classes started by Vinayak.Garudi in D:\spring_prj\15_jwtsecurity_app)
2024-09-02T10:26:56.381+05:30  INFO 9836 --- [15_jwtsecurity_app] [restartedMain] com.techlab.jwtsecurity.Application      : No active profile set, falling back to 1 default profile: "default"
2024-09-02T10:26:56.430+05:30  INFO 9836 --- [15_jwtsecurity_app] [restartedMain] .e.DevToolsPropertyDefaultsPostProcessor : Devtools property defaults active! Set 'spring.devtools.add-properties' to 'false' to disable
2024-09-02T10:26:56.430+05:30  INFO 9836 --- [15_jwtsecurity_app] [restartedMain] .e.DevToolsPropertyDefaultsPostProcessor : For additional web related logging consider setting the 'logging.level.web' property to 'DEBUG'
2024-09-02T10:26:57.279+05:30  INFO 9836 --- [15_jwtsecurity_app] [restartedMain] .s.d.r.c.RepositoryConfigurationDelegate : Bootstrapping Spring Data JPA repositories in DEFAULT mode.
2024-09-02T10:26:57.382+05:30  INFO 9836 --- [15_jwtsecurity_app] [restartedMain] .s.d.r.c.RepositoryConfigurationDelegate : Finished Spring Data repository scanning in 93 ms. Found 3 JPA repository interfaces.
2024-09-02T10:26:58.151+05:30  INFO 9836 --- [15_jwtsecurity_app] [restartedMain] o.s.b.w.embedded.tomcat.TomcatWebServer  : Tomcat initialized with port 8080 (http)
2024-09-02T10:26:58.173+05:30  INFO 9836 --- [15_jwtsecurity_app] [restartedMain] o.apache.catalina.core.StandardService   : Starting service [Tomcat]
2024-09-02T10:26:58.174+05:30  INFO 9836 --- [15_jwtsecurity_app] [restartedMain] o.apache.catalina.core.StandardEngine    : Starting Servlet engine: [Apache Tomcat/10.1.28]
2024-09-02T10:26:58.239+05:30  INFO 9836 --- [15_jwtsecurity_app] [restartedMain] o.a.c.c.C.[Tomcat].[localhost].[/]       : Initializing Spring embedded WebApplicationContext
2024-09-02T10:26:58.240+05:30  INFO 9836 --- [15_jwtsecurity_app] [restartedMain] w.s.c.ServletWebServerApplicationContext : Root WebApplicationContext: initialization completed in 1809 ms
2024-09-02T10:26:58.429+05:30  INFO 9836 --- [15_jwtsecurity_app] [restartedMain] o.hibernate.jpa.internal.util.LogHelper  : HHH000204: Processing PersistenceUnitInfo [name: default]
2024-09-02T10:26:58.503+05:30  INFO 9836 --- [15_jwtsecurity_app] [restartedMain] org.hibernate.Version                    : HHH000412: Hibernate ORM core version 6.5.2.Final
2024-09-02T10:26:58.544+05:30  INFO 9836 --- [15_jwtsecurity_app] [restartedMain] o.h.c.internal.RegionFactoryInitiator    : HHH000026: Second-level cache disabled
2024-09-02T10:26:58.859+05:30  INFO 9836 --- [15_jwtsecurity_app] [restartedMain] o.s.o.j.p.SpringPersistenceUnitInfo      : No LoadTimeWeaver setup: ignoring JPA class transformer
2024-09-02T10:26:58.884+05:30  INFO 9836 --- [15_jwtsecurity_app] [restartedMain] com.zaxxer.hikari.HikariDataSource       : HikariPool-1 - Starting...
2024-09-02T10:26:59.274+05:30  INFO 9836 --- [15_jwtsecurity_app] [restartedMain] com.zaxxer.hikari.pool.HikariPool        : HikariPool-1 - Added connection com.mysql.cj.jdbc.ConnectionImpl@253a79f2
2024-09-02T10:26:59.276+05:30  INFO 9836 --- [15_jwtsecurity_app] [restartedMain] com.zaxxer.hikari.HikariDataSource       : HikariPool-1 - Start completed.
2024-09-02T10:27:00.151+05:30  INFO 9836 --- [15_jwtsecurity_app] [restartedMain] o.h.e.t.j.p.i.JtaPlatformInitiator       : HHH000489: No JTA platform available (set 'hibernate.transaction.jta.platform' to enable JTA platform integration)
2024-09-02T10:27:00.208+05:30  INFO 9836 --- [15_jwtsecurity_app] [restartedMain] j.LocalContainerEntityManagerFactoryBean : Initialized JPA EntityManagerFactory for persistence unit 'default'
2024-09-02T10:27:00.648+05:30  INFO 9836 --- [15_jwtsecurity_app] [restartedMain] r$InitializeUserDetailsManagerConfigurer : Global AuthenticationManager configured with UserDetailsService bean with name customUserDetailService
2024-09-02T10:27:00.737+05:30  WARN 9836 --- [15_jwtsecurity_app] [restartedMain] JpaBaseConfiguration$JpaWebConfiguration : spring.jpa.open-in-view is enabled by default. Therefore, database queries may be performed during view rendering. Explicitly configure spring.jpa.open-in-view to disable this warning
2024-09-02T10:27:01.436+05:30  INFO 9836 --- [15_jwtsecurity_app] [restartedMain] o.s.b.d.a.OptionalLiveReloadServer       : LiveReload server is running on port 35729
2024-09-02T10:27:01.487+05:30  INFO 9836 --- [15_jwtsecurity_app] [restartedMain] o.s.b.w.embedded.tomcat.TomcatWebServer  : Tomcat started on port 8080 (http) with context path '/'
2024-09-02T10:27:01.499+05:30  INFO 9836 --- [15_jwtsecurity_app] [restartedMain] com.techlab.jwtsecurity.Application      : Started Application in 5.58 seconds (process running for 6.258)
2024-09-02T10:28:48.976+05:30  INFO 9836 --- [15_jwtsecurity_app] [http-nio-8080-exec-2] o.a.c.c.C.[Tomcat].[localhost].[/]       : Initializing Spring DispatcherServlet 'dispatcherServlet'
2024-09-02T10:28:48.977+05:30  INFO 9836 --- [15_jwtsecurity_app] [http-nio-8080-exec-2] o.s.web.servlet.DispatcherServlet        : Initializing Servlet 'dispatcherServlet'
2024-09-02T10:28:48.979+05:30  INFO 9836 --- [15_jwtsecurity_app] [http-nio-8080-exec-2] o.s.web.servlet.DispatcherServlet        : Completed initialization in 1 ms
2024-09-02T10:31:44.470+05:30  INFO 9836 --- [15_jwtsecurity_app] [File Watcher] rtingClassPathChangeChangedEventListener : Restarting due to 1 class path change (0 additions, 0 deletions, 1 modification)
2024-09-02T10:31:44.490+05:30  INFO 9836 --- [15_jwtsecurity_app] [Thread-5] j.LocalContainerEntityManagerFactoryBean : Closing JPA EntityManagerFactory for persistence unit 'default'
2024-09-02T10:31:44.493+05:30  INFO 9836 --- [15_jwtsecurity_app] [Thread-5] com.zaxxer.hikari.HikariDataSource       : HikariPool-1 - Shutdown initiated...
2024-09-02T10:31:44.504+05:30  INFO 9836 --- [15_jwtsecurity_app] [Thread-5] com.zaxxer.hikari.HikariDataSource       : HikariPool-1 - Shutdown completed.
2024-09-02T10:31:44.623+05:30  INFO 9836 --- [15_jwtsecurity_app] [restartedMain] com.techlab.jwtsecurity.Application      : Starting Application using Java 21.0.3 with PID 9836 (D:\spring_prj\15_jwtsecurity_app\target\classes started by Vinayak.Garudi in D:\spring_prj\15_jwtsecurity_app)
2024-09-02T10:31:44.623+05:30  INFO 9836 --- [15_jwtsecurity_app] [restartedMain] com.techlab.jwtsecurity.Application      : No active profile set, falling back to 1 default profile: "default"
2024-09-02T10:31:44.906+05:30  INFO 9836 --- [15_jwtsecurity_app] [restartedMain] .s.d.r.c.RepositoryConfigurationDelegate : Bootstrapping Spring Data JPA repositories in DEFAULT mode.
2024-09-02T10:31:44.948+05:30  INFO 9836 --- [15_jwtsecurity_app] [restartedMain] .s.d.r.c.RepositoryConfigurationDelegate : Finished Spring Data repository scanning in 41 ms. Found 3 JPA repository interfaces.
2024-09-02T10:31:45.100+05:30  INFO 9836 --- [15_jwtsecurity_app] [restartedMain] o.s.b.w.embedded.tomcat.TomcatWebServer  : Tomcat initialized with port 8080 (http)
2024-09-02T10:31:45.102+05:30  INFO 9836 --- [15_jwtsecurity_app] [restartedMain] o.apache.catalina.core.StandardService   : Starting service [Tomcat]
2024-09-02T10:31:45.103+05:30  INFO 9836 --- [15_jwtsecurity_app] [restartedMain] o.apache.catalina.core.StandardEngine    : Starting Servlet engine: [Apache Tomcat/10.1.28]
2024-09-02T10:31:45.131+05:30  INFO 9836 --- [15_jwtsecurity_app] [restartedMain] o.a.c.c.C.[Tomcat].[localhost].[/]       : Initializing Spring embedded WebApplicationContext
2024-09-02T10:31:45.131+05:30  INFO 9836 --- [15_jwtsecurity_app] [restartedMain] w.s.c.ServletWebServerApplicationContext : Root WebApplicationContext: initialization completed in 505 ms
2024-09-02T10:31:45.186+05:30  INFO 9836 --- [15_jwtsecurity_app] [restartedMain] o.hibernate.jpa.internal.util.LogHelper  : HHH000204: Processing PersistenceUnitInfo [name: default]
2024-09-02T10:31:45.189+05:30  INFO 9836 --- [15_jwtsecurity_app] [restartedMain] o.h.c.internal.RegionFactoryInitiator    : HHH000026: Second-level cache disabled
2024-09-02T10:31:45.197+05:30  INFO 9836 --- [15_jwtsecurity_app] [restartedMain] o.s.o.j.p.SpringPersistenceUnitInfo      : No LoadTimeWeaver setup: ignoring JPA class transformer
2024-09-02T10:31:45.199+05:30  INFO 9836 --- [15_jwtsecurity_app] [restartedMain] com.zaxxer.hikari.HikariDataSource       : HikariPool-2 - Starting...
2024-09-02T10:31:45.220+05:30  INFO 9836 --- [15_jwtsecurity_app] [restartedMain] com.zaxxer.hikari.pool.HikariPool        : HikariPool-2 - Added connection com.mysql.cj.jdbc.ConnectionImpl@384793da
2024-09-02T10:31:45.221+05:30  INFO 9836 --- [15_jwtsecurity_app] [restartedMain] com.zaxxer.hikari.HikariDataSource       : HikariPool-2 - Start completed.
2024-09-02T10:31:45.310+05:30  INFO 9836 --- [15_jwtsecurity_app] [restartedMain] o.h.e.t.j.p.i.JtaPlatformInitiator       : HHH000489: No JTA platform available (set 'hibernate.transaction.jta.platform' to enable JTA platform integration)
2024-09-02T10:31:45.332+05:30  INFO 9836 --- [15_jwtsecurity_app] [restartedMain] j.LocalContainerEntityManagerFactoryBean : Initialized JPA EntityManagerFactory for persistence unit 'default'
2024-09-02T10:31:45.468+05:30  INFO 9836 --- [15_jwtsecurity_app] [restartedMain] r$InitializeUserDetailsManagerConfigurer : Global AuthenticationManager configured with UserDetailsService bean with name customUserDetailService
2024-09-02T10:31:45.493+05:30  WARN 9836 --- [15_jwtsecurity_app] [restartedMain] JpaBaseConfiguration$JpaWebConfiguration : spring.jpa.open-in-view is enabled by default. Therefore, database queries may be performed during view rendering. Explicitly configure spring.jpa.open-in-view to disable this warning
2024-09-02T10:31:45.619+05:30  INFO 9836 --- [15_jwtsecurity_app] [restartedMain] o.s.b.d.a.OptionalLiveReloadServer       : LiveReload server is running on port 35729
2024-09-02T10:31:45.629+05:30  INFO 9836 --- [15_jwtsecurity_app] [restartedMain] o.s.b.w.embedded.tomcat.TomcatWebServer  : Tomcat started on port 8080 (http) with context path '/'
2024-09-02T10:31:45.634+05:30  INFO 9836 --- [15_jwtsecurity_app] [restartedMain] com.techlab.jwtsecurity.Application      : Started Application in 1.061 seconds (process running for 290.393)
2024-09-02T10:31:45.637+05:30  INFO 9836 --- [15_jwtsecurity_app] [restartedMain] .ConditionEvaluationDeltaLoggingListener : Condition evaluation unchanged
2024-09-02T10:31:51.583+05:30  INFO 9836 --- [15_jwtsecurity_app] [http-nio-8080-exec-2] o.a.c.c.C.[Tomcat].[localhost].[/]       : Initializing Spring DispatcherServlet 'dispatcherServlet'
2024-09-02T10:31:51.584+05:30  INFO 9836 --- [15_jwtsecurity_app] [http-nio-8080-exec-2] o.s.web.servlet.DispatcherServlet        : Initializing Servlet 'dispatcherServlet'
2024-09-02T10:31:51.585+05:30  INFO 9836 --- [15_jwtsecurity_app] [http-nio-8080-exec-2] o.s.web.servlet.DispatcherServlet        : Completed initialization in 1 ms
2024-09-02T10:34:53.516+05:30  INFO 9836 --- [15_jwtsecurity_app] [File Watcher] rtingClassPathChangeChangedEventListener : Restarting due to 1 class path change (0 additions, 0 deletions, 1 modification)
2024-09-02T10:34:53.530+05:30  INFO 9836 --- [15_jwtsecurity_app] [Thread-7] j.LocalContainerEntityManagerFactoryBean : Closing JPA EntityManagerFactory for persistence unit 'default'
2024-09-02T10:34:53.531+05:30  INFO 9836 --- [15_jwtsecurity_app] [Thread-7] com.zaxxer.hikari.HikariDataSource       : HikariPool-2 - Shutdown initiated...
2024-09-02T10:34:53.539+05:30  INFO 9836 --- [15_jwtsecurity_app] [Thread-7] com.zaxxer.hikari.HikariDataSource       : HikariPool-2 - Shutdown completed.
2024-09-02T10:34:53.640+05:30  INFO 9836 --- [15_jwtsecurity_app] [restartedMain] com.techlab.jwtsecurity.Application      : Starting Application using Java 21.0.3 with PID 9836 (D:\spring_prj\15_jwtsecurity_app\target\classes started by Vinayak.Garudi in D:\spring_prj\15_jwtsecurity_app)
2024-09-02T10:34:53.640+05:30  INFO 9836 --- [15_jwtsecurity_app] [restartedMain] com.techlab.jwtsecurity.Application      : No active profile set, falling back to 1 default profile: "default"
2024-09-02T10:34:53.874+05:30  INFO 9836 --- [15_jwtsecurity_app] [restartedMain] .s.d.r.c.RepositoryConfigurationDelegate : Bootstrapping Spring Data JPA repositories in DEFAULT mode.
2024-09-02T10:34:53.902+05:30  INFO 9836 --- [15_jwtsecurity_app] [restartedMain] .s.d.r.c.RepositoryConfigurationDelegate : Finished Spring Data repository scanning in 28 ms. Found 3 JPA repository interfaces.
2024-09-02T10:34:53.997+05:30  INFO 9836 --- [15_jwtsecurity_app] [restartedMain] o.s.b.w.embedded.tomcat.TomcatWebServer  : Tomcat initialized with port 8080 (http)
2024-09-02T10:34:53.999+05:30  INFO 9836 --- [15_jwtsecurity_app] [restartedMain] o.apache.catalina.core.StandardService   : Starting service [Tomcat]
2024-09-02T10:34:53.999+05:30  INFO 9836 --- [15_jwtsecurity_app] [restartedMain] o.apache.catalina.core.StandardEngine    : Starting Servlet engine: [Apache Tomcat/10.1.28]
2024-09-02T10:34:54.021+05:30  INFO 9836 --- [15_jwtsecurity_app] [restartedMain] o.a.c.c.C.[Tomcat].[localhost].[/]       : Initializing Spring embedded WebApplicationContext
2024-09-02T10:34:54.022+05:30  INFO 9836 --- [15_jwtsecurity_app] [restartedMain] w.s.c.ServletWebServerApplicationContext : Root WebApplicationContext: initialization completed in 380 ms
2024-09-02T10:34:54.064+05:30  INFO 9836 --- [15_jwtsecurity_app] [restartedMain] o.hibernate.jpa.internal.util.LogHelper  : HHH000204: Processing PersistenceUnitInfo [name: default]
2024-09-02T10:34:54.066+05:30  INFO 9836 --- [15_jwtsecurity_app] [restartedMain] o.h.c.internal.RegionFactoryInitiator    : HHH000026: Second-level cache disabled
2024-09-02T10:34:54.075+05:30  INFO 9836 --- [15_jwtsecurity_app] [restartedMain] o.s.o.j.p.SpringPersistenceUnitInfo      : No LoadTimeWeaver setup: ignoring JPA class transformer
2024-09-02T10:34:54.076+05:30  INFO 9836 --- [15_jwtsecurity_app] [restartedMain] com.zaxxer.hikari.HikariDataSource       : HikariPool-3 - Starting...
2024-09-02T10:34:54.091+05:30  INFO 9836 --- [15_jwtsecurity_app] [restartedMain] com.zaxxer.hikari.pool.HikariPool        : HikariPool-3 - Added connection com.mysql.cj.jdbc.ConnectionImpl@30c659cb
2024-09-02T10:34:54.091+05:30  INFO 9836 --- [15_jwtsecurity_app] [restartedMain] com.zaxxer.hikari.HikariDataSource       : HikariPool-3 - Start completed.
2024-09-02T10:34:54.148+05:30  INFO 9836 --- [15_jwtsecurity_app] [restartedMain] o.h.e.t.j.p.i.JtaPlatformInitiator       : HHH000489: No JTA platform available (set 'hibernate.transaction.jta.platform' to enable JTA platform integration)
2024-09-02T10:34:54.161+05:30  INFO 9836 --- [15_jwtsecurity_app] [restartedMain] j.LocalContainerEntityManagerFactoryBean : Initialized JPA EntityManagerFactory for persistence unit 'default'
2024-09-02T10:34:54.242+05:30  INFO 9836 --- [15_jwtsecurity_app] [restartedMain] r$InitializeUserDetailsManagerConfigurer : Global AuthenticationManager configured with UserDetailsService bean with name customUserDetailService
2024-09-02T10:34:54.262+05:30  WARN 9836 --- [15_jwtsecurity_app] [restartedMain] JpaBaseConfiguration$JpaWebConfiguration : spring.jpa.open-in-view is enabled by default. Therefore, database queries may be performed during view rendering. Explicitly configure spring.jpa.open-in-view to disable this warning
2024-09-02T10:34:54.412+05:30  INFO 9836 --- [15_jwtsecurity_app] [restartedMain] o.s.b.d.a.OptionalLiveReloadServer       : LiveReload server is running on port 35729
2024-09-02T10:34:54.465+05:30  INFO 9836 --- [15_jwtsecurity_app] [restartedMain] o.s.b.w.embedded.tomcat.TomcatWebServer  : Tomcat started on port 8080 (http) with context path '/'
2024-09-02T10:34:54.468+05:30  INFO 9836 --- [15_jwtsecurity_app] [restartedMain] com.techlab.jwtsecurity.Application      : Started Application in 0.862 seconds (process running for 479.227)
2024-09-02T10:34:54.470+05:30  INFO 9836 --- [15_jwtsecurity_app] [restartedMain] .ConditionEvaluationDeltaLoggingListener : Condition evaluation unchanged
2024-09-02T10:35:50.119+05:30  INFO 9836 --- [15_jwtsecurity_app] [http-nio-8080-exec-3] o.a.c.c.C.[Tomcat].[localhost].[/]       : Initializing Spring DispatcherServlet 'dispatcherServlet'
2024-09-02T10:35:50.119+05:30  INFO 9836 --- [15_jwtsecurity_app] [http-nio-8080-exec-3] o.s.web.servlet.DispatcherServlet        : Initializing Servlet 'dispatcherServlet'
2024-09-02T10:35:50.120+05:30  INFO 9836 --- [15_jwtsecurity_app] [http-nio-8080-exec-3] o.s.web.servlet.DispatcherServlet        : Completed initialization in 1 ms
2024-09-02T10:35:50.282+05:30 ERROR 9836 --- [15_jwtsecurity_app] [http-nio-8080-exec-3] o.a.c.c.C.[.[.[/].[dispatcherServlet]    : Servlet.service() for servlet [dispatcherServlet] in context with path [] threw exception

org.hibernate.LazyInitializationException: failed to lazily initialize a collection of role: com.techlab.jwtsecurity.entity.User.roles: could not initialize proxy - no Session
	at org.hibernate.collection.spi.AbstractPersistentCollection.throwLazyInitializationException(AbstractPersistentCollection.java:634) ~[hibernate-core-6.5.2.Final.jar:6.5.2.Final]
	at org.hibernate.collection.spi.AbstractPersistentCollection.withTemporarySessionIfNeeded(AbstractPersistentCollection.java:217) ~[hibernate-core-6.5.2.Final.jar:6.5.2.Final]
	at org.hibernate.collection.spi.AbstractPersistentCollection.initialize(AbstractPersistentCollection.java:613) ~[hibernate-core-6.5.2.Final.jar:6.5.2.Final]
	at org.hibernate.collection.spi.AbstractPersistentCollection.read(AbstractPersistentCollection.java:136) ~[hibernate-core-6.5.2.Final.jar:6.5.2.Final]
	at org.hibernate.collection.spi.PersistentBag.iterator(PersistentBag.java:369) ~[hibernate-core-6.5.2.Final.jar:6.5.2.Final]
	at java.base/java.util.Spliterators$IteratorSpliterator.estimateSize(Spliterators.java:1959) ~[na:na]
	at java.base/java.util.Spliterator.getExactSizeIfKnown(Spliterator.java:414) ~[na:na]
	at java.base/java.util.stream.AbstractPipeline.copyInto(AbstractPipeline.java:508) ~[na:na]
	at java.base/java.util.stream.AbstractPipeline.wrapAndCopyInto(AbstractPipeline.java:499) ~[na:na]
	at java.base/java.util.stream.ReduceOps$ReduceOp.evaluateSequential(ReduceOps.java:921) ~[na:na]
	at java.base/java.util.stream.AbstractPipeline.evaluate(AbstractPipeline.java:234) ~[na:na]
	at java.base/java.util.stream.ReferencePipeline.collect(ReferencePipeline.java:682) ~[na:na]
	at com.techlab.jwtsecurity.seurity.CustomUserDetailService.loadUserByUsername(CustomUserDetailService.java:31) ~[classes/:na]
	at com.techlab.jwtsecurity.seurity.JwtAuthenticationFilter.doFilterInternal(JwtAuthenticationFilter.java:48) ~[classes/:na]
	at org.springframework.web.filter.OncePerRequestFilter.doFilter(OncePerRequestFilter.java:116) ~[spring-web-6.1.12.jar:6.1.12]
	at org.springframework.security.web.FilterChainProxy$VirtualFilterChain.doFilter(FilterChainProxy.java:374) ~[spring-security-web-6.3.3.jar:6.3.3]
	at org.springframework.security.web.authentication.logout.LogoutFilter.doFilter(LogoutFilter.java:107) ~[spring-security-web-6.3.3.jar:6.3.3]
	at org.springframework.security.web.authentication.logout.LogoutFilter.doFilter(LogoutFilter.java:93) ~[spring-security-web-6.3.3.jar:6.3.3]
	at org.springframework.security.web.FilterChainProxy$VirtualFilterChain.doFilter(FilterChainProxy.java:374) ~[spring-security-web-6.3.3.jar:6.3.3]
	at org.springframework.web.filter.CorsFilter.doFilterInternal(CorsFilter.java:91) ~[spring-web-6.1.12.jar:6.1.12]
	at org.springframework.web.filter.OncePerRequestFilter.doFilter(OncePerRequestFilter.java:116) ~[spring-web-6.1.12.jar:6.1.12]
	at org.springframework.security.web.FilterChainProxy$VirtualFilterChain.doFilter(FilterChainProxy.java:374) ~[spring-security-web-6.3.3.jar:6.3.3]
	at org.springframework.security.web.header.HeaderWriterFilter.doHeadersAfter(HeaderWriterFilter.java:90) ~[spring-security-web-6.3.3.jar:6.3.3]
	at org.springframework.security.web.header.HeaderWriterFilter.doFilterInternal(HeaderWriterFilter.java:75) ~[spring-security-web-6.3.3.jar:6.3.3]
	at org.springframework.web.filter.OncePerRequestFilter.doFilter(OncePerRequestFilter.java:116) ~[spring-web-6.1.12.jar:6.1.12]
	at org.springframework.security.web.FilterChainProxy$VirtualFilterChain.doFilter(FilterChainProxy.java:374) ~[spring-security-web-6.3.3.jar:6.3.3]
	at org.springframework.security.web.context.SecurityContextHolderFilter.doFilter(SecurityContextHolderFilter.java:82) ~[spring-security-web-6.3.3.jar:6.3.3]
	at org.springframework.security.web.context.SecurityContextHolderFilter.doFilter(SecurityContextHolderFilter.java:69) ~[spring-security-web-6.3.3.jar:6.3.3]
	at org.springframework.security.web.FilterChainProxy$VirtualFilterChain.doFilter(FilterChainProxy.java:374) ~[spring-security-web-6.3.3.jar:6.3.3]
	at org.springframework.security.web.context.request.async.WebAsyncManagerIntegrationFilter.doFilterInternal(WebAsyncManagerIntegrationFilter.java:62) ~[spring-security-web-6.3.3.jar:6.3.3]
	at org.springframework.web.filter.OncePerRequestFilter.doFilter(OncePerRequestFilter.java:116) ~[spring-web-6.1.12.jar:6.1.12]
	at org.springframework.security.web.FilterChainProxy$VirtualFilterChain.doFilter(FilterChainProxy.java:374) ~[spring-security-web-6.3.3.jar:6.3.3]
	at org.springframework.security.web.session.DisableEncodeUrlFilter.doFilterInternal(DisableEncodeUrlFilter.java:42) ~[spring-security-web-6.3.3.jar:6.3.3]
	at org.springframework.web.filter.OncePerRequestFilter.doFilter(OncePerRequestFilter.java:116) ~[spring-web-6.1.12.jar:6.1.12]
	at org.springframework.security.web.FilterChainProxy$VirtualFilterChain.doFilter(FilterChainProxy.java:374) ~[spring-security-web-6.3.3.jar:6.3.3]
	at org.springframework.security.web.FilterChainProxy.doFilterInternal(FilterChainProxy.java:233) ~[spring-security-web-6.3.3.jar:6.3.3]
	at org.springframework.security.web.FilterChainProxy.doFilter(FilterChainProxy.java:191) ~[spring-security-web-6.3.3.jar:6.3.3]
	at org.springframework.web.filter.CompositeFilter$VirtualFilterChain.doFilter(CompositeFilter.java:113) ~[spring-web-6.1.12.jar:6.1.12]
	at org.springframework.web.servlet.handler.HandlerMappingIntrospector.lambda$createCacheFilter$3(HandlerMappingIntrospector.java:195) ~[spring-webmvc-6.1.12.jar:6.1.12]
	at org.springframework.web.filter.CompositeFilter$VirtualFilterChain.doFilter(CompositeFilter.java:113) ~[spring-web-6.1.12.jar:6.1.12]
	at org.springframework.web.filter.CompositeFilter.doFilter(CompositeFilter.java:74) ~[spring-web-6.1.12.jar:6.1.12]
	at org.springframework.security.config.annotation.web.configuration.WebMvcSecurityConfiguration$CompositeFilterChainProxy.doFilter(WebMvcSecurityConfiguration.java:230) ~[spring-security-config-6.3.3.jar:6.3.3]
	at org.springframework.web.filter.DelegatingFilterProxy.invokeDelegate(DelegatingFilterProxy.java:352) ~[spring-web-6.1.12.jar:6.1.12]
	at org.springframework.web.filter.DelegatingFilterProxy.doFilter(DelegatingFilterProxy.java:268) ~[spring-web-6.1.12.jar:6.1.12]
	at org.apache.catalina.core.ApplicationFilterChain.internalDoFilter(ApplicationFilterChain.java:164) ~[tomcat-embed-core-10.1.28.jar:10.1.28]
	at org.apache.catalina.core.ApplicationFilterChain.doFilter(ApplicationFilterChain.java:140) ~[tomcat-embed-core-10.1.28.jar:10.1.28]
	at org.springframework.web.filter.RequestContextFilter.doFilterInternal(RequestContextFilter.java:100) ~[spring-web-6.1.12.jar:6.1.12]
	at org.springframework.web.filter.OncePerRequestFilter.doFilter(OncePerRequestFilter.java:116) ~[spring-web-6.1.12.jar:6.1.12]
	at org.apache.catalina.core.ApplicationFilterChain.internalDoFilter(ApplicationFilterChain.java:164) ~[tomcat-embed-core-10.1.28.jar:10.1.28]
	at org.apache.catalina.core.ApplicationFilterChain.doFilter(ApplicationFilterChain.java:140) ~[tomcat-embed-core-10.1.28.jar:10.1.28]
	at org.springframework.web.filter.FormContentFilter.doFilterInternal(FormContentFilter.java:93) ~[spring-web-6.1.12.jar:6.1.12]
	at org.springframework.web.filter.OncePerRequestFilter.doFilter(OncePerRequestFilter.java:116) ~[spring-web-6.1.12.jar:6.1.12]
	at org.apache.catalina.core.ApplicationFilterChain.internalDoFilter(ApplicationFilterChain.java:164) ~[tomcat-embed-core-10.1.28.jar:10.1.28]
	at org.apache.catalina.core.ApplicationFilterChain.doFilter(ApplicationFilterChain.java:140) ~[tomcat-embed-core-10.1.28.jar:10.1.28]
	at org.springframework.web.filter.CharacterEncodingFilter.doFilterInternal(CharacterEncodingFilter.java:201) ~[spring-web-6.1.12.jar:6.1.12]
	at org.springframework.web.filter.OncePerRequestFilter.doFilter(OncePerRequestFilter.java:116) ~[spring-web-6.1.12.jar:6.1.12]
	at org.apache.catalina.core.ApplicationFilterChain.internalDoFilter(ApplicationFilterChain.java:164) ~[tomcat-embed-core-10.1.28.jar:10.1.28]
	at org.apache.catalina.core.ApplicationFilterChain.doFilter(ApplicationFilterChain.java:140) ~[tomcat-embed-core-10.1.28.jar:10.1.28]
	at org.apache.catalina.core.StandardWrapperValve.invoke(StandardWrapperValve.java:167) ~[tomcat-embed-core-10.1.28.jar:10.1.28]
	at org.apache.catalina.core.StandardContextValve.invoke(StandardContextValve.java:90) ~[tomcat-embed-core-10.1.28.jar:10.1.28]
	at org.apache.catalina.authenticator.AuthenticatorBase.invoke(AuthenticatorBase.java:483) ~[tomcat-embed-core-10.1.28.jar:10.1.28]
	at org.apache.catalina.core.StandardHostValve.invoke(StandardHostValve.java:115) ~[tomcat-embed-core-10.1.28.jar:10.1.28]
	at org.apache.catalina.valves.ErrorReportValve.invoke(ErrorReportValve.java:93) ~[tomcat-embed-core-10.1.28.jar:10.1.28]
	at org.apache.catalina.core.StandardEngineValve.invoke(StandardEngineValve.java:74) ~[tomcat-embed-core-10.1.28.jar:10.1.28]
	at org.apache.catalina.connector.CoyoteAdapter.service(CoyoteAdapter.java:344) ~[tomcat-embed-core-10.1.28.jar:10.1.28]
	at org.apache.coyote.http11.Http11Processor.service(Http11Processor.java:384) ~[tomcat-embed-core-10.1.28.jar:10.1.28]
	at org.apache.coyote.AbstractProcessorLight.process(AbstractProcessorLight.java:63) ~[tomcat-embed-core-10.1.28.jar:10.1.28]
	at org.apache.coyote.AbstractProtocol$ConnectionHandler.process(AbstractProtocol.java:904) ~[tomcat-embed-core-10.1.28.jar:10.1.28]
	at org.apache.tomcat.util.net.NioEndpoint$SocketProcessor.doRun(NioEndpoint.java:1741) ~[tomcat-embed-core-10.1.28.jar:10.1.28]
	at org.apache.tomcat.util.net.SocketProcessorBase.run(SocketProcessorBase.java:52) ~[tomcat-embed-core-10.1.28.jar:10.1.28]
	at org.apache.tomcat.util.threads.ThreadPoolExecutor.runWorker(ThreadPoolExecutor.java:1190) ~[tomcat-embed-core-10.1.28.jar:10.1.28]
	at org.apache.tomcat.util.threads.ThreadPoolExecutor$Worker.run(ThreadPoolExecutor.java:659) ~[tomcat-embed-core-10.1.28.jar:10.1.28]
	at org.apache.tomcat.util.threads.TaskThread$WrappingRunnable.run(TaskThread.java:63) ~[tomcat-embed-core-10.1.28.jar:10.1.28]
	at java.base/java.lang.Thread.run(Thread.java:1583) ~[na:na]

2024-09-02T10:36:34.241+05:30  INFO 9836 --- [15_jwtsecurity_app] [File Watcher] rtingClassPathChangeChangedEventListener : Restarting due to 1 class path change (0 additions, 0 deletions, 1 modification)
2024-09-02T10:36:34.257+05:30  INFO 9836 --- [15_jwtsecurity_app] [Thread-11] j.LocalContainerEntityManagerFactoryBean : Closing JPA EntityManagerFactory for persistence unit 'default'
2024-09-02T10:36:34.258+05:30  INFO 9836 --- [15_jwtsecurity_app] [Thread-11] com.zaxxer.hikari.HikariDataSource       : HikariPool-3 - Shutdown initiated...
2024-09-02T10:36:34.265+05:30  INFO 9836 --- [15_jwtsecurity_app] [Thread-11] com.zaxxer.hikari.HikariDataSource       : HikariPool-3 - Shutdown completed.
2024-09-02T10:36:34.353+05:30  INFO 9836 --- [15_jwtsecurity_app] [restartedMain] com.techlab.jwtsecurity.Application      : Starting Application using Java 21.0.3 with PID 9836 (D:\spring_prj\15_jwtsecurity_app\target\classes started by Vinayak.Garudi in D:\spring_prj\15_jwtsecurity_app)
2024-09-02T10:36:34.353+05:30  INFO 9836 --- [15_jwtsecurity_app] [restartedMain] com.techlab.jwtsecurity.Application      : No active profile set, falling back to 1 default profile: "default"
2024-09-02T10:36:34.558+05:30  INFO 9836 --- [15_jwtsecurity_app] [restartedMain] .s.d.r.c.RepositoryConfigurationDelegate : Bootstrapping Spring Data JPA repositories in DEFAULT mode.
2024-09-02T10:36:34.592+05:30  INFO 9836 --- [15_jwtsecurity_app] [restartedMain] .s.d.r.c.RepositoryConfigurationDelegate : Finished Spring Data repository scanning in 34 ms. Found 3 JPA repository interfaces.
2024-09-02T10:36:34.665+05:30  INFO 9836 --- [15_jwtsecurity_app] [restartedMain] o.s.b.w.embedded.tomcat.TomcatWebServer  : Tomcat initialized with port 8080 (http)
2024-09-02T10:36:34.665+05:30  INFO 9836 --- [15_jwtsecurity_app] [restartedMain] o.apache.catalina.core.StandardService   : Starting service [Tomcat]
2024-09-02T10:36:34.665+05:30  INFO 9836 --- [15_jwtsecurity_app] [restartedMain] o.apache.catalina.core.StandardEngine    : Starting Servlet engine: [Apache Tomcat/10.1.28]
2024-09-02T10:36:34.679+05:30  INFO 9836 --- [15_jwtsecurity_app] [restartedMain] o.a.c.c.C.[Tomcat].[localhost].[/]       : Initializing Spring embedded WebApplicationContext
2024-09-02T10:36:34.680+05:30  INFO 9836 --- [15_jwtsecurity_app] [restartedMain] w.s.c.ServletWebServerApplicationContext : Root WebApplicationContext: initialization completed in 325 ms
2024-09-02T10:36:34.707+05:30  INFO 9836 --- [15_jwtsecurity_app] [restartedMain] o.hibernate.jpa.internal.util.LogHelper  : HHH000204: Processing PersistenceUnitInfo [name: default]
2024-09-02T10:36:34.710+05:30  INFO 9836 --- [15_jwtsecurity_app] [restartedMain] o.h.c.internal.RegionFactoryInitiator    : HHH000026: Second-level cache disabled
2024-09-02T10:36:34.718+05:30  INFO 9836 --- [15_jwtsecurity_app] [restartedMain] o.s.o.j.p.SpringPersistenceUnitInfo      : No LoadTimeWeaver setup: ignoring JPA class transformer
2024-09-02T10:36:34.719+05:30  INFO 9836 --- [15_jwtsecurity_app] [restartedMain] com.zaxxer.hikari.HikariDataSource       : HikariPool-4 - Starting...
2024-09-02T10:36:34.734+05:30  INFO 9836 --- [15_jwtsecurity_app] [restartedMain] com.zaxxer.hikari.pool.HikariPool        : HikariPool-4 - Added connection com.mysql.cj.jdbc.ConnectionImpl@22ee1848
2024-09-02T10:36:34.734+05:30  INFO 9836 --- [15_jwtsecurity_app] [restartedMain] com.zaxxer.hikari.HikariDataSource       : HikariPool-4 - Start completed.
2024-09-02T10:36:34.789+05:30  INFO 9836 --- [15_jwtsecurity_app] [restartedMain] o.h.e.t.j.p.i.JtaPlatformInitiator       : HHH000489: No JTA platform available (set 'hibernate.transaction.jta.platform' to enable JTA platform integration)
2024-09-02T10:36:34.804+05:30  INFO 9836 --- [15_jwtsecurity_app] [restartedMain] j.LocalContainerEntityManagerFactoryBean : Initialized JPA EntityManagerFactory for persistence unit 'default'
2024-09-02T10:36:34.882+05:30  INFO 9836 --- [15_jwtsecurity_app] [restartedMain] r$InitializeUserDetailsManagerConfigurer : Global AuthenticationManager configured with UserDetailsService bean with name customUserDetailService
2024-09-02T10:36:34.899+05:30  WARN 9836 --- [15_jwtsecurity_app] [restartedMain] JpaBaseConfiguration$JpaWebConfiguration : spring.jpa.open-in-view is enabled by default. Therefore, database queries may be performed during view rendering. Explicitly configure spring.jpa.open-in-view to disable this warning
2024-09-02T10:36:35.006+05:30  INFO 9836 --- [15_jwtsecurity_app] [restartedMain] o.s.b.d.a.OptionalLiveReloadServer       : LiveReload server is running on port 35729
2024-09-02T10:36:35.015+05:30  INFO 9836 --- [15_jwtsecurity_app] [restartedMain] o.s.b.w.embedded.tomcat.TomcatWebServer  : Tomcat started on port 8080 (http) with context path '/'
2024-09-02T10:36:35.017+05:30  INFO 9836 --- [15_jwtsecurity_app] [restartedMain] com.techlab.jwtsecurity.Application      : Started Application in 0.69 seconds (process running for 579.776)
2024-09-02T10:36:35.019+05:30  INFO 9836 --- [15_jwtsecurity_app] [restartedMain] .ConditionEvaluationDeltaLoggingListener : Condition evaluation unchanged
2024-09-02T10:36:39.605+05:30  INFO 9836 --- [15_jwtsecurity_app] [http-nio-8080-exec-2] o.a.c.c.C.[Tomcat].[localhost].[/]       : Initializing Spring DispatcherServlet 'dispatcherServlet'
2024-09-02T10:36:39.605+05:30  INFO 9836 --- [15_jwtsecurity_app] [http-nio-8080-exec-2] o.s.web.servlet.DispatcherServlet        : Initializing Servlet 'dispatcherServlet'
2024-09-02T10:36:39.606+05:30  INFO 9836 --- [15_jwtsecurity_app] [http-nio-8080-exec-2] o.s.web.servlet.DispatcherServlet        : Completed initialization in 1 ms
2024-09-02T10:42:55.588+05:30 ERROR 9836 --- [15_jwtsecurity_app] [http-nio-8080-exec-5] o.a.c.c.C.[.[.[/].[dispatcherServlet]    : Servlet.service() for servlet [dispatcherServlet] in context with path [] threw exception [Request processing failed: java.lang.RuntimeException: Customer Not Found] with root cause

java.lang.RuntimeException: Customer Not Found
	at com.techlab.jwtsecurity.service.CustomerServiceImpl.lambda$0(CustomerServiceImpl.java:28) ~[classes/:na]
	at java.base/java.util.Optional.orElseThrow(Optional.java:403) ~[na:na]
	at com.techlab.jwtsecurity.service.CustomerServiceImpl.getCustomerById(CustomerServiceImpl.java:28) ~[classes/:na]
	at com.techlab.jwtsecurity.controller.CustomerController.getCustomerById(CustomerController.java:30) ~[classes/:na]
	at java.base/jdk.internal.reflect.DirectMethodHandleAccessor.invoke(DirectMethodHandleAccessor.java:103) ~[na:na]
	at java.base/java.lang.reflect.Method.invoke(Method.java:580) ~[na:na]
	at org.springframework.web.method.support.InvocableHandlerMethod.doInvoke(InvocableHandlerMethod.java:255) ~[spring-web-6.1.12.jar:6.1.12]
	at org.springframework.web.method.support.InvocableHandlerMethod.invokeForRequest(InvocableHandlerMethod.java:188) ~[spring-web-6.1.12.jar:6.1.12]
	at org.springframework.web.servlet.mvc.method.annotation.ServletInvocableHandlerMethod.invokeAndHandle(ServletInvocableHandlerMethod.java:118) ~[spring-webmvc-6.1.12.jar:6.1.12]
	at org.springframework.web.servlet.mvc.method.annotation.RequestMappingHandlerAdapter.invokeHandlerMethod(RequestMappingHandlerAdapter.java:926) ~[spring-webmvc-6.1.12.jar:6.1.12]
	at org.springframework.web.servlet.mvc.method.annotation.RequestMappingHandlerAdapter.handleInternal(RequestMappingHandlerAdapter.java:831) ~[spring-webmvc-6.1.12.jar:6.1.12]
	at org.springframework.web.servlet.mvc.method.AbstractHandlerMethodAdapter.handle(AbstractHandlerMethodAdapter.java:87) ~[spring-webmvc-6.1.12.jar:6.1.12]
	at org.springframework.web.servlet.DispatcherServlet.doDispatch(DispatcherServlet.java:1089) ~[spring-webmvc-6.1.12.jar:6.1.12]
	at org.springframework.web.servlet.DispatcherServlet.doService(DispatcherServlet.java:979) ~[spring-webmvc-6.1.12.jar:6.1.12]
	at org.springframework.web.servlet.FrameworkServlet.processRequest(FrameworkServlet.java:1014) ~[spring-webmvc-6.1.12.jar:6.1.12]
	at org.springframework.web.servlet.FrameworkServlet.doGet(FrameworkServlet.java:903) ~[spring-webmvc-6.1.12.jar:6.1.12]
	at jakarta.servlet.http.HttpServlet.service(HttpServlet.java:564) ~[tomcat-embed-core-10.1.28.jar:6.0]
	at org.springframework.web.servlet.FrameworkServlet.service(FrameworkServlet.java:885) ~[spring-webmvc-6.1.12.jar:6.1.12]
	at jakarta.servlet.http.HttpServlet.service(HttpServlet.java:658) ~[tomcat-embed-core-10.1.28.jar:6.0]
	at org.apache.catalina.core.ApplicationFilterChain.internalDoFilter(ApplicationFilterChain.java:195) ~[tomcat-embed-core-10.1.28.jar:10.1.28]
	at org.apache.catalina.core.ApplicationFilterChain.doFilter(ApplicationFilterChain.java:140) ~[tomcat-embed-core-10.1.28.jar:10.1.28]
	at org.apache.tomcat.websocket.server.WsFilter.doFilter(WsFilter.java:51) ~[tomcat-embed-websocket-10.1.28.jar:10.1.28]
	at org.apache.catalina.core.ApplicationFilterChain.internalDoFilter(ApplicationFilterChain.java:164) ~[tomcat-embed-core-10.1.28.jar:10.1.28]
	at org.apache.catalina.core.ApplicationFilterChain.doFilter(ApplicationFilterChain.java:140) ~[tomcat-embed-core-10.1.28.jar:10.1.28]
	at org.springframework.web.filter.OncePerRequestFilter.doFilter(OncePerRequestFilter.java:110) ~[spring-web-6.1.12.jar:6.1.12]
	at org.apache.catalina.core.ApplicationFilterChain.internalDoFilter(ApplicationFilterChain.java:164) ~[tomcat-embed-core-10.1.28.jar:10.1.28]
	at org.apache.catalina.core.ApplicationFilterChain.doFilter(ApplicationFilterChain.java:140) ~[tomcat-embed-core-10.1.28.jar:10.1.28]
	at org.springframework.web.filter.CompositeFilter$VirtualFilterChain.doFilter(CompositeFilter.java:108) ~[spring-web-6.1.12.jar:6.1.12]
	at org.springframework.security.web.FilterChainProxy.lambda$doFilterInternal$3(FilterChainProxy.java:231) ~[spring-security-web-6.3.3.jar:6.3.3]
	at org.springframework.security.web.FilterChainProxy$VirtualFilterChain.doFilter(FilterChainProxy.java:365) ~[spring-security-web-6.3.3.jar:6.3.3]
	at org.springframework.security.web.access.intercept.AuthorizationFilter.doFilter(AuthorizationFilter.java:100) ~[spring-security-web-6.3.3.jar:6.3.3]
	at org.springframework.security.web.FilterChainProxy$VirtualFilterChain.doFilter(FilterChainProxy.java:374) ~[spring-security-web-6.3.3.jar:6.3.3]
	at org.springframework.security.web.access.ExceptionTranslationFilter.doFilter(ExceptionTranslationFilter.java:126) ~[spring-security-web-6.3.3.jar:6.3.3]
	at org.springframework.security.web.access.ExceptionTranslationFilter.doFilter(ExceptionTranslationFilter.java:120) ~[spring-security-web-6.3.3.jar:6.3.3]
	at org.springframework.security.web.FilterChainProxy$VirtualFilterChain.doFilter(FilterChainProxy.java:374) ~[spring-security-web-6.3.3.jar:6.3.3]
	at org.springframework.security.web.session.SessionManagementFilter.doFilter(SessionManagementFilter.java:131) ~[spring-security-web-6.3.3.jar:6.3.3]
	at org.springframework.security.web.session.SessionManagementFilter.doFilter(SessionManagementFilter.java:85) ~[spring-security-web-6.3.3.jar:6.3.3]
	at org.springframework.security.web.FilterChainProxy$VirtualFilterChain.doFilter(FilterChainProxy.java:374) ~[spring-security-web-6.3.3.jar:6.3.3]
	at org.springframework.security.web.authentication.AnonymousAuthenticationFilter.doFilter(AnonymousAuthenticationFilter.java:100) ~[spring-security-web-6.3.3.jar:6.3.3]
	at org.springframework.security.web.FilterChainProxy$VirtualFilterChain.doFilter(FilterChainProxy.java:374) ~[spring-security-web-6.3.3.jar:6.3.3]
	at org.springframework.security.web.servletapi.SecurityContextHolderAwareRequestFilter.doFilter(SecurityContextHolderAwareRequestFilter.java:179) ~[spring-security-web-6.3.3.jar:6.3.3]
	at org.springframework.security.web.FilterChainProxy$VirtualFilterChain.doFilter(FilterChainProxy.java:374) ~[spring-security-web-6.3.3.jar:6.3.3]
	at org.springframework.security.web.savedrequest.RequestCacheAwareFilter.doFilter(RequestCacheAwareFilter.java:63) ~[spring-security-web-6.3.3.jar:6.3.3]
	at org.springframework.security.web.FilterChainProxy$VirtualFilterChain.doFilter(FilterChainProxy.java:374) ~[spring-security-web-6.3.3.jar:6.3.3]
	at com.techlab.jwtsecurity.seurity.JwtAuthenticationFilter.doFilterInternal(JwtAuthenticationFilter.java:62) ~[classes/:na]
	at org.springframework.web.filter.OncePerRequestFilter.doFilter(OncePerRequestFilter.java:116) ~[spring-web-6.1.12.jar:6.1.12]
	at org.springframework.security.web.FilterChainProxy$VirtualFilterChain.doFilter(FilterChainProxy.java:374) ~[spring-security-web-6.3.3.jar:6.3.3]
	at org.springframework.security.web.authentication.logout.LogoutFilter.doFilter(LogoutFilter.java:107) ~[spring-security-web-6.3.3.jar:6.3.3]
	at org.springframework.security.web.authentication.logout.LogoutFilter.doFilter(LogoutFilter.java:93) ~[spring-security-web-6.3.3.jar:6.3.3]
	at org.springframework.security.web.FilterChainProxy$VirtualFilterChain.doFilter(FilterChainProxy.java:374) ~[spring-security-web-6.3.3.jar:6.3.3]
	at org.springframework.web.filter.CorsFilter.doFilterInternal(CorsFilter.java:91) ~[spring-web-6.1.12.jar:6.1.12]
	at org.springframework.web.filter.OncePerRequestFilter.doFilter(OncePerRequestFilter.java:116) ~[spring-web-6.1.12.jar:6.1.12]
	at org.springframework.security.web.FilterChainProxy$VirtualFilterChain.doFilter(FilterChainProxy.java:374) ~[spring-security-web-6.3.3.jar:6.3.3]
	at org.springframework.security.web.header.HeaderWriterFilter.doHeadersAfter(HeaderWriterFilter.java:90) ~[spring-security-web-6.3.3.jar:6.3.3]
	at org.springframework.security.web.header.HeaderWriterFilter.doFilterInternal(HeaderWriterFilter.java:75) ~[spring-security-web-6.3.3.jar:6.3.3]
	at org.springframework.web.filter.OncePerRequestFilter.doFilter(OncePerRequestFilter.java:116) ~[spring-web-6.1.12.jar:6.1.12]
	at org.springframework.security.web.FilterChainProxy$VirtualFilterChain.doFilter(FilterChainProxy.java:374) ~[spring-security-web-6.3.3.jar:6.3.3]
	at org.springframework.security.web.context.SecurityContextHolderFilter.doFilter(SecurityContextHolderFilter.java:82) ~[spring-security-web-6.3.3.jar:6.3.3]
	at org.springframework.security.web.context.SecurityContextHolderFilter.doFilter(SecurityContextHolderFilter.java:69) ~[spring-security-web-6.3.3.jar:6.3.3]
	at org.springframework.security.web.FilterChainProxy$VirtualFilterChain.doFilter(FilterChainProxy.java:374) ~[spring-security-web-6.3.3.jar:6.3.3]
	at org.springframework.security.web.context.request.async.WebAsyncManagerIntegrationFilter.doFilterInternal(WebAsyncManagerIntegrationFilter.java:62) ~[spring-security-web-6.3.3.jar:6.3.3]
	at org.springframework.web.filter.OncePerRequestFilter.doFilter(OncePerRequestFilter.java:116) ~[spring-web-6.1.12.jar:6.1.12]
	at org.springframework.security.web.FilterChainProxy$VirtualFilterChain.doFilter(FilterChainProxy.java:374) ~[spring-security-web-6.3.3.jar:6.3.3]
	at org.springframework.security.web.session.DisableEncodeUrlFilter.doFilterInternal(DisableEncodeUrlFilter.java:42) ~[spring-security-web-6.3.3.jar:6.3.3]
	at org.springframework.web.filter.OncePerRequestFilter.doFilter(OncePerRequestFilter.java:116) ~[spring-web-6.1.12.jar:6.1.12]
	at org.springframework.security.web.FilterChainProxy$VirtualFilterChain.doFilter(FilterChainProxy.java:374) ~[spring-security-web-6.3.3.jar:6.3.3]
	at org.springframework.security.web.FilterChainProxy.doFilterInternal(FilterChainProxy.java:233) ~[spring-security-web-6.3.3.jar:6.3.3]
	at org.springframework.security.web.FilterChainProxy.doFilter(FilterChainProxy.java:191) ~[spring-security-web-6.3.3.jar:6.3.3]
	at org.springframework.web.filter.CompositeFilter$VirtualFilterChain.doFilter(CompositeFilter.java:113) ~[spring-web-6.1.12.jar:6.1.12]
	at org.springframework.web.servlet.handler.HandlerMappingIntrospector.lambda$createCacheFilter$3(HandlerMappingIntrospector.java:195) ~[spring-webmvc-6.1.12.jar:6.1.12]
	at org.springframework.web.filter.CompositeFilter$VirtualFilterChain.doFilter(CompositeFilter.java:113) ~[spring-web-6.1.12.jar:6.1.12]
	at org.springframework.web.filter.CompositeFilter.doFilter(CompositeFilter.java:74) ~[spring-web-6.1.12.jar:6.1.12]
	at org.springframework.security.config.annotation.web.configuration.WebMvcSecurityConfiguration$CompositeFilterChainProxy.doFilter(WebMvcSecurityConfiguration.java:230) ~[spring-security-config-6.3.3.jar:6.3.3]
	at org.springframework.web.filter.DelegatingFilterProxy.invokeDelegate(DelegatingFilterProxy.java:352) ~[spring-web-6.1.12.jar:6.1.12]
	at org.springframework.web.filter.DelegatingFilterProxy.doFilter(DelegatingFilterProxy.java:268) ~[spring-web-6.1.12.jar:6.1.12]
	at org.apache.catalina.core.ApplicationFilterChain.internalDoFilter(ApplicationFilterChain.java:164) ~[tomcat-embed-core-10.1.28.jar:10.1.28]
	at org.apache.catalina.core.ApplicationFilterChain.doFilter(ApplicationFilterChain.java:140) ~[tomcat-embed-core-10.1.28.jar:10.1.28]
	at org.springframework.web.filter.RequestContextFilter.doFilterInternal(RequestContextFilter.java:100) ~[spring-web-6.1.12.jar:6.1.12]
	at org.springframework.web.filter.OncePerRequestFilter.doFilter(OncePerRequestFilter.java:116) ~[spring-web-6.1.12.jar:6.1.12]
	at org.apache.catalina.core.ApplicationFilterChain.internalDoFilter(ApplicationFilterChain.java:164) ~[tomcat-embed-core-10.1.28.jar:10.1.28]
	at org.apache.catalina.core.ApplicationFilterChain.doFilter(ApplicationFilterChain.java:140) ~[tomcat-embed-core-10.1.28.jar:10.1.28]
	at org.springframework.web.filter.FormContentFilter.doFilterInternal(FormContentFilter.java:93) ~[spring-web-6.1.12.jar:6.1.12]
	at org.springframework.web.filter.OncePerRequestFilter.doFilter(OncePerRequestFilter.java:116) ~[spring-web-6.1.12.jar:6.1.12]
	at org.apache.catalina.core.ApplicationFilterChain.internalDoFilter(ApplicationFilterChain.java:164) ~[tomcat-embed-core-10.1.28.jar:10.1.28]
	at org.apache.catalina.core.ApplicationFilterChain.doFilter(ApplicationFilterChain.java:140) ~[tomcat-embed-core-10.1.28.jar:10.1.28]
	at org.springframework.web.filter.CharacterEncodingFilter.doFilterInternal(CharacterEncodingFilter.java:201) ~[spring-web-6.1.12.jar:6.1.12]
	at org.springframework.web.filter.OncePerRequestFilter.doFilter(OncePerRequestFilter.java:116) ~[spring-web-6.1.12.jar:6.1.12]
	at org.apache.catalina.core.ApplicationFilterChain.internalDoFilter(ApplicationFilterChain.java:164) ~[tomcat-embed-core-10.1.28.jar:10.1.28]
	at org.apache.catalina.core.ApplicationFilterChain.doFilter(ApplicationFilterChain.java:140) ~[tomcat-embed-core-10.1.28.jar:10.1.28]
	at org.apache.catalina.core.StandardWrapperValve.invoke(StandardWrapperValve.java:167) ~[tomcat-embed-core-10.1.28.jar:10.1.28]
	at org.apache.catalina.core.StandardContextValve.invoke(StandardContextValve.java:90) ~[tomcat-embed-core-10.1.28.jar:10.1.28]
	at org.apache.catalina.authenticator.AuthenticatorBase.invoke(AuthenticatorBase.java:483) ~[tomcat-embed-core-10.1.28.jar:10.1.28]
	at org.apache.catalina.core.StandardHostValve.invoke(StandardHostValve.java:115) ~[tomcat-embed-core-10.1.28.jar:10.1.28]
	at org.apache.catalina.valves.ErrorReportValve.invoke(ErrorReportValve.java:93) ~[tomcat-embed-core-10.1.28.jar:10.1.28]
	at org.apache.catalina.core.StandardEngineValve.invoke(StandardEngineValve.java:74) ~[tomcat-embed-core-10.1.28.jar:10.1.28]
	at org.apache.catalina.connector.CoyoteAdapter.service(CoyoteAdapter.java:344) ~[tomcat-embed-core-10.1.28.jar:10.1.28]
	at org.apache.coyote.http11.Http11Processor.service(Http11Processor.java:384) ~[tomcat-embed-core-10.1.28.jar:10.1.28]
	at org.apache.coyote.AbstractProcessorLight.process(AbstractProcessorLight.java:63) ~[tomcat-embed-core-10.1.28.jar:10.1.28]
	at org.apache.coyote.AbstractProtocol$ConnectionHandler.process(AbstractProtocol.java:904) ~[tomcat-embed-core-10.1.28.jar:10.1.28]
	at org.apache.tomcat.util.net.NioEndpoint$SocketProcessor.doRun(NioEndpoint.java:1741) ~[tomcat-embed-core-10.1.28.jar:10.1.28]
	at org.apache.tomcat.util.net.SocketProcessorBase.run(SocketProcessorBase.java:52) ~[tomcat-embed-core-10.1.28.jar:10.1.28]
	at org.apache.tomcat.util.threads.ThreadPoolExecutor.runWorker(ThreadPoolExecutor.java:1190) ~[tomcat-embed-core-10.1.28.jar:10.1.28]
	at org.apache.tomcat.util.threads.ThreadPoolExecutor$Worker.run(ThreadPoolExecutor.java:659) ~[tomcat-embed-core-10.1.28.jar:10.1.28]
	at org.apache.tomcat.util.threads.TaskThread$WrappingRunnable.run(TaskThread.java:63) ~[tomcat-embed-core-10.1.28.jar:10.1.28]
	at java.base/java.lang.Thread.run(Thread.java:1583) ~[na:na]

2024-09-02T10:49:36.075+05:30  INFO 9836 --- [15_jwtsecurity_app] [File Watcher] rtingClassPathChangeChangedEventListener : Restarting due to 1 class path change (0 additions, 0 deletions, 1 modification)
2024-09-02T10:49:36.087+05:30  INFO 9836 --- [15_jwtsecurity_app] [Thread-15] j.LocalContainerEntityManagerFactoryBean : Closing JPA EntityManagerFactory for persistence unit 'default'
2024-09-02T10:49:36.087+05:30  INFO 9836 --- [15_jwtsecurity_app] [Thread-15] com.zaxxer.hikari.HikariDataSource       : HikariPool-4 - Shutdown initiated...
2024-09-02T10:49:36.096+05:30  INFO 9836 --- [15_jwtsecurity_app] [Thread-15] com.zaxxer.hikari.HikariDataSource       : HikariPool-4 - Shutdown completed.
2024-09-02T10:49:36.185+05:30  INFO 9836 --- [15_jwtsecurity_app] [restartedMain] com.techlab.jwtsecurity.Application      : Starting Application using Java 21.0.3 with PID 9836 (D:\spring_prj\15_jwtsecurity_app\target\classes started by Vinayak.Garudi in D:\spring_prj\15_jwtsecurity_app)
2024-09-02T10:49:36.186+05:30  INFO 9836 --- [15_jwtsecurity_app] [restartedMain] com.techlab.jwtsecurity.Application      : No active profile set, falling back to 1 default profile: "default"
2024-09-02T10:49:36.337+05:30  INFO 9836 --- [15_jwtsecurity_app] [restartedMain] .s.d.r.c.RepositoryConfigurationDelegate : Bootstrapping Spring Data JPA repositories in DEFAULT mode.
2024-09-02T10:49:36.360+05:30  INFO 9836 --- [15_jwtsecurity_app] [restartedMain] .s.d.r.c.RepositoryConfigurationDelegate : Finished Spring Data repository scanning in 22 ms. Found 3 JPA repository interfaces.
2024-09-02T10:49:36.436+05:30  INFO 9836 --- [15_jwtsecurity_app] [restartedMain] o.s.b.w.embedded.tomcat.TomcatWebServer  : Tomcat initialized with port 8080 (http)
2024-09-02T10:49:36.436+05:30  INFO 9836 --- [15_jwtsecurity_app] [restartedMain] o.apache.catalina.core.StandardService   : Starting service [Tomcat]
2024-09-02T10:49:36.437+05:30  INFO 9836 --- [15_jwtsecurity_app] [restartedMain] o.apache.catalina.core.StandardEngine    : Starting Servlet engine: [Apache Tomcat/10.1.28]
2024-09-02T10:49:36.456+05:30  INFO 9836 --- [15_jwtsecurity_app] [restartedMain] o.a.c.c.C.[Tomcat].[localhost].[/]       : Initializing Spring embedded WebApplicationContext
2024-09-02T10:49:36.456+05:30  INFO 9836 --- [15_jwtsecurity_app] [restartedMain] w.s.c.ServletWebServerApplicationContext : Root WebApplicationContext: initialization completed in 269 ms
2024-09-02T10:49:36.491+05:30  INFO 9836 --- [15_jwtsecurity_app] [restartedMain] o.hibernate.jpa.internal.util.LogHelper  : HHH000204: Processing PersistenceUnitInfo [name: default]
2024-09-02T10:49:36.494+05:30  INFO 9836 --- [15_jwtsecurity_app] [restartedMain] o.h.c.internal.RegionFactoryInitiator    : HHH000026: Second-level cache disabled
2024-09-02T10:49:36.501+05:30  INFO 9836 --- [15_jwtsecurity_app] [restartedMain] o.s.o.j.p.SpringPersistenceUnitInfo      : No LoadTimeWeaver setup: ignoring JPA class transformer
2024-09-02T10:49:36.501+05:30  INFO 9836 --- [15_jwtsecurity_app] [restartedMain] com.zaxxer.hikari.HikariDataSource       : HikariPool-5 - Starting...
2024-09-02T10:49:36.518+05:30  INFO 9836 --- [15_jwtsecurity_app] [restartedMain] com.zaxxer.hikari.pool.HikariPool        : HikariPool-5 - Added connection com.mysql.cj.jdbc.ConnectionImpl@b3e467b
2024-09-02T10:49:36.518+05:30  INFO 9836 --- [15_jwtsecurity_app] [restartedMain] com.zaxxer.hikari.HikariDataSource       : HikariPool-5 - Start completed.
2024-09-02T10:49:36.581+05:30  INFO 9836 --- [15_jwtsecurity_app] [restartedMain] o.h.e.t.j.p.i.JtaPlatformInitiator       : HHH000489: No JTA platform available (set 'hibernate.transaction.jta.platform' to enable JTA platform integration)
2024-09-02T10:49:36.594+05:30  INFO 9836 --- [15_jwtsecurity_app] [restartedMain] j.LocalContainerEntityManagerFactoryBean : Initialized JPA EntityManagerFactory for persistence unit 'default'
2024-09-02T10:49:36.696+05:30  INFO 9836 --- [15_jwtsecurity_app] [restartedMain] r$InitializeUserDetailsManagerConfigurer : Global AuthenticationManager configured with UserDetailsService bean with name customUserDetailService
2024-09-02T10:49:36.717+05:30  WARN 9836 --- [15_jwtsecurity_app] [restartedMain] JpaBaseConfiguration$JpaWebConfiguration : spring.jpa.open-in-view is enabled by default. Therefore, database queries may be performed during view rendering. Explicitly configure spring.jpa.open-in-view to disable this warning
2024-09-02T10:49:36.852+05:30  INFO 9836 --- [15_jwtsecurity_app] [restartedMain] o.s.b.d.a.OptionalLiveReloadServer       : LiveReload server is running on port 35729
2024-09-02T10:49:36.871+05:30  INFO 9836 --- [15_jwtsecurity_app] [restartedMain] o.s.b.w.embedded.tomcat.TomcatWebServer  : Tomcat started on port 8080 (http) with context path '/'
2024-09-02T10:49:36.884+05:30  INFO 9836 --- [15_jwtsecurity_app] [restartedMain] com.techlab.jwtsecurity.Application      : Started Application in 0.721 seconds (process running for 1361.643)
2024-09-02T10:49:36.888+05:30  INFO 9836 --- [15_jwtsecurity_app] [restartedMain] .ConditionEvaluationDeltaLoggingListener : Condition evaluation unchanged
2024-09-02T10:50:06.329+05:30  INFO 9836 --- [15_jwtsecurity_app] [http-nio-8080-exec-3] o.a.c.c.C.[Tomcat].[localhost].[/]       : Initializing Spring DispatcherServlet 'dispatcherServlet'
2024-09-02T10:50:06.329+05:30  INFO 9836 --- [15_jwtsecurity_app] [http-nio-8080-exec-3] o.s.web.servlet.DispatcherServlet        : Initializing Servlet 'dispatcherServlet'
2024-09-02T10:50:06.331+05:30  INFO 9836 --- [15_jwtsecurity_app] [http-nio-8080-exec-3] o.s.web.servlet.DispatcherServlet        : Completed initialization in 2 ms
2024-09-02T10:52:36.307+05:30  INFO 9836 --- [15_jwtsecurity_app] [File Watcher] rtingClassPathChangeChangedEventListener : Restarting due to 1 class path change (0 additions, 0 deletions, 1 modification)
2024-09-02T10:52:36.319+05:30  INFO 9836 --- [15_jwtsecurity_app] [Thread-19] j.LocalContainerEntityManagerFactoryBean : Closing JPA EntityManagerFactory for persistence unit 'default'
2024-09-02T10:52:36.319+05:30  INFO 9836 --- [15_jwtsecurity_app] [Thread-19] com.zaxxer.hikari.HikariDataSource       : HikariPool-5 - Shutdown initiated...
2024-09-02T10:52:36.324+05:30  INFO 9836 --- [15_jwtsecurity_app] [Thread-19] com.zaxxer.hikari.HikariDataSource       : HikariPool-5 - Shutdown completed.
2024-09-02T10:52:36.397+05:30  INFO 9836 --- [15_jwtsecurity_app] [restartedMain] com.techlab.jwtsecurity.Application      : Starting Application using Java 21.0.3 with PID 9836 (D:\spring_prj\15_jwtsecurity_app\target\classes started by Vinayak.Garudi in D:\spring_prj\15_jwtsecurity_app)
2024-09-02T10:52:36.397+05:30  INFO 9836 --- [15_jwtsecurity_app] [restartedMain] com.techlab.jwtsecurity.Application      : No active profile set, falling back to 1 default profile: "default"
2024-09-02T10:52:36.540+05:30  INFO 9836 --- [15_jwtsecurity_app] [restartedMain] .s.d.r.c.RepositoryConfigurationDelegate : Bootstrapping Spring Data JPA repositories in DEFAULT mode.
2024-09-02T10:52:36.565+05:30  INFO 9836 --- [15_jwtsecurity_app] [restartedMain] .s.d.r.c.RepositoryConfigurationDelegate : Finished Spring Data repository scanning in 24 ms. Found 3 JPA repository interfaces.
2024-09-02T10:52:36.626+05:30  INFO 9836 --- [15_jwtsecurity_app] [restartedMain] o.s.b.w.embedded.tomcat.TomcatWebServer  : Tomcat initialized with port 8080 (http)
2024-09-02T10:52:36.627+05:30  INFO 9836 --- [15_jwtsecurity_app] [restartedMain] o.apache.catalina.core.StandardService   : Starting service [Tomcat]
2024-09-02T10:52:36.627+05:30  INFO 9836 --- [15_jwtsecurity_app] [restartedMain] o.apache.catalina.core.StandardEngine    : Starting Servlet engine: [Apache Tomcat/10.1.28]
2024-09-02T10:52:36.648+05:30  INFO 9836 --- [15_jwtsecurity_app] [restartedMain] o.a.c.c.C.[Tomcat].[localhost].[/]       : Initializing Spring embedded WebApplicationContext
2024-09-02T10:52:36.648+05:30  INFO 9836 --- [15_jwtsecurity_app] [restartedMain] w.s.c.ServletWebServerApplicationContext : Root WebApplicationContext: initialization completed in 250 ms
2024-09-02T10:52:36.677+05:30  INFO 9836 --- [15_jwtsecurity_app] [restartedMain] o.hibernate.jpa.internal.util.LogHelper  : HHH000204: Processing PersistenceUnitInfo [name: default]
2024-09-02T10:52:36.679+05:30  INFO 9836 --- [15_jwtsecurity_app] [restartedMain] o.h.c.internal.RegionFactoryInitiator    : HHH000026: Second-level cache disabled
2024-09-02T10:52:36.687+05:30  INFO 9836 --- [15_jwtsecurity_app] [restartedMain] o.s.o.j.p.SpringPersistenceUnitInfo      : No LoadTimeWeaver setup: ignoring JPA class transformer
2024-09-02T10:52:36.688+05:30  INFO 9836 --- [15_jwtsecurity_app] [restartedMain] com.zaxxer.hikari.HikariDataSource       : HikariPool-6 - Starting...
2024-09-02T10:52:36.705+05:30  INFO 9836 --- [15_jwtsecurity_app] [restartedMain] com.zaxxer.hikari.pool.HikariPool        : HikariPool-6 - Added connection com.mysql.cj.jdbc.ConnectionImpl@341c4308
2024-09-02T10:52:36.705+05:30  INFO 9836 --- [15_jwtsecurity_app] [restartedMain] com.zaxxer.hikari.HikariDataSource       : HikariPool-6 - Start completed.
2024-09-02T10:52:36.758+05:30  INFO 9836 --- [15_jwtsecurity_app] [restartedMain] o.h.e.t.j.p.i.JtaPlatformInitiator       : HHH000489: No JTA platform available (set 'hibernate.transaction.jta.platform' to enable JTA platform integration)
2024-09-02T10:52:36.772+05:30  INFO 9836 --- [15_jwtsecurity_app] [restartedMain] j.LocalContainerEntityManagerFactoryBean : Initialized JPA EntityManagerFactory for persistence unit 'default'
2024-09-02T10:52:36.839+05:30  INFO 9836 --- [15_jwtsecurity_app] [restartedMain] r$InitializeUserDetailsManagerConfigurer : Global AuthenticationManager configured with UserDetailsService bean with name customUserDetailService
2024-09-02T10:52:36.855+05:30  WARN 9836 --- [15_jwtsecurity_app] [restartedMain] JpaBaseConfiguration$JpaWebConfiguration : spring.jpa.open-in-view is enabled by default. Therefore, database queries may be performed during view rendering. Explicitly configure spring.jpa.open-in-view to disable this warning
2024-09-02T10:52:36.946+05:30  INFO 9836 --- [15_jwtsecurity_app] [restartedMain] o.s.b.d.a.OptionalLiveReloadServer       : LiveReload server is running on port 35729
2024-09-02T10:52:36.955+05:30  INFO 9836 --- [15_jwtsecurity_app] [restartedMain] o.s.b.w.embedded.tomcat.TomcatWebServer  : Tomcat started on port 8080 (http) with context path '/'
2024-09-02T10:52:36.957+05:30  INFO 9836 --- [15_jwtsecurity_app] [restartedMain] com.techlab.jwtsecurity.Application      : Started Application in 0.579 seconds (process running for 1541.716)
2024-09-02T10:52:36.958+05:30  INFO 9836 --- [15_jwtsecurity_app] [restartedMain] .ConditionEvaluationDeltaLoggingListener : Condition evaluation unchanged
2024-09-02T10:52:41.617+05:30  INFO 9836 --- [15_jwtsecurity_app] [http-nio-8080-exec-4] o.a.c.c.C.[Tomcat].[localhost].[/]       : Initializing Spring DispatcherServlet 'dispatcherServlet'
2024-09-02T10:52:41.618+05:30  INFO 9836 --- [15_jwtsecurity_app] [http-nio-8080-exec-4] o.s.web.servlet.DispatcherServlet        : Initializing Servlet 'dispatcherServlet'
2024-09-02T10:52:41.618+05:30  INFO 9836 --- [15_jwtsecurity_app] [http-nio-8080-exec-4] o.s.web.servlet.DispatcherServlet        : Completed initialization in 0 ms
2024-09-02T10:54:41.249+05:30  INFO 9836 --- [15_jwtsecurity_app] [File Watcher] rtingClassPathChangeChangedEventListener : Restarting due to 1 class path change (0 additions, 0 deletions, 1 modification)
2024-09-02T10:54:41.261+05:30  INFO 9836 --- [15_jwtsecurity_app] [Thread-23] j.LocalContainerEntityManagerFactoryBean : Closing JPA EntityManagerFactory for persistence unit 'default'
2024-09-02T10:54:41.262+05:30  INFO 9836 --- [15_jwtsecurity_app] [Thread-23] com.zaxxer.hikari.HikariDataSource       : HikariPool-6 - Shutdown initiated...
2024-09-02T10:54:41.266+05:30  INFO 9836 --- [15_jwtsecurity_app] [Thread-23] com.zaxxer.hikari.HikariDataSource       : HikariPool-6 - Shutdown completed.
2024-09-02T10:54:41.345+05:30  INFO 9836 --- [15_jwtsecurity_app] [restartedMain] com.techlab.jwtsecurity.Application      : Starting Application using Java 21.0.3 with PID 9836 (D:\spring_prj\15_jwtsecurity_app\target\classes started by Vinayak.Garudi in D:\spring_prj\15_jwtsecurity_app)
2024-09-02T10:54:41.345+05:30  INFO 9836 --- [15_jwtsecurity_app] [restartedMain] com.techlab.jwtsecurity.Application      : No active profile set, falling back to 1 default profile: "default"
2024-09-02T10:54:41.478+05:30  INFO 9836 --- [15_jwtsecurity_app] [restartedMain] .s.d.r.c.RepositoryConfigurationDelegate : Bootstrapping Spring Data JPA repositories in DEFAULT mode.
2024-09-02T10:54:41.502+05:30  INFO 9836 --- [15_jwtsecurity_app] [restartedMain] .s.d.r.c.RepositoryConfigurationDelegate : Finished Spring Data repository scanning in 23 ms. Found 3 JPA repository interfaces.
2024-09-02T10:54:41.560+05:30  INFO 9836 --- [15_jwtsecurity_app] [restartedMain] o.s.b.w.embedded.tomcat.TomcatWebServer  : Tomcat initialized with port 8080 (http)
2024-09-02T10:54:41.560+05:30  INFO 9836 --- [15_jwtsecurity_app] [restartedMain] o.apache.catalina.core.StandardService   : Starting service [Tomcat]
2024-09-02T10:54:41.560+05:30  INFO 9836 --- [15_jwtsecurity_app] [restartedMain] o.apache.catalina.core.StandardEngine    : Starting Servlet engine: [Apache Tomcat/10.1.28]
2024-09-02T10:54:41.575+05:30  INFO 9836 --- [15_jwtsecurity_app] [restartedMain] o.a.c.c.C.[Tomcat].[localhost].[/]       : Initializing Spring embedded WebApplicationContext
2024-09-02T10:54:41.575+05:30  INFO 9836 --- [15_jwtsecurity_app] [restartedMain] w.s.c.ServletWebServerApplicationContext : Root WebApplicationContext: initialization completed in 229 ms
2024-09-02T10:54:41.601+05:30  INFO 9836 --- [15_jwtsecurity_app] [restartedMain] o.hibernate.jpa.internal.util.LogHelper  : HHH000204: Processing PersistenceUnitInfo [name: default]
2024-09-02T10:54:41.602+05:30  INFO 9836 --- [15_jwtsecurity_app] [restartedMain] o.h.c.internal.RegionFactoryInitiator    : HHH000026: Second-level cache disabled
2024-09-02T10:54:41.607+05:30  INFO 9836 --- [15_jwtsecurity_app] [restartedMain] o.s.o.j.p.SpringPersistenceUnitInfo      : No LoadTimeWeaver setup: ignoring JPA class transformer
2024-09-02T10:54:41.608+05:30  INFO 9836 --- [15_jwtsecurity_app] [restartedMain] com.zaxxer.hikari.HikariDataSource       : HikariPool-7 - Starting...
2024-09-02T10:54:41.620+05:30  INFO 9836 --- [15_jwtsecurity_app] [restartedMain] com.zaxxer.hikari.pool.HikariPool        : HikariPool-7 - Added connection com.mysql.cj.jdbc.ConnectionImpl@6735748e
2024-09-02T10:54:41.620+05:30  INFO 9836 --- [15_jwtsecurity_app] [restartedMain] com.zaxxer.hikari.HikariDataSource       : HikariPool-7 - Start completed.
2024-09-02T10:54:41.660+05:30  INFO 9836 --- [15_jwtsecurity_app] [restartedMain] o.h.e.t.j.p.i.JtaPlatformInitiator       : HHH000489: No JTA platform available (set 'hibernate.transaction.jta.platform' to enable JTA platform integration)
2024-09-02T10:54:41.673+05:30  INFO 9836 --- [15_jwtsecurity_app] [restartedMain] j.LocalContainerEntityManagerFactoryBean : Initialized JPA EntityManagerFactory for persistence unit 'default'
2024-09-02T10:54:41.744+05:30  INFO 9836 --- [15_jwtsecurity_app] [restartedMain] r$InitializeUserDetailsManagerConfigurer : Global AuthenticationManager configured with UserDetailsService bean with name customUserDetailService
2024-09-02T10:54:41.761+05:30  WARN 9836 --- [15_jwtsecurity_app] [restartedMain] JpaBaseConfiguration$JpaWebConfiguration : spring.jpa.open-in-view is enabled by default. Therefore, database queries may be performed during view rendering. Explicitly configure spring.jpa.open-in-view to disable this warning
2024-09-02T10:54:41.845+05:30  INFO 9836 --- [15_jwtsecurity_app] [restartedMain] o.s.b.d.a.OptionalLiveReloadServer       : LiveReload server is running on port 35729
2024-09-02T10:54:41.850+05:30  INFO 9836 --- [15_jwtsecurity_app] [restartedMain] o.s.b.w.embedded.tomcat.TomcatWebServer  : Tomcat started on port 8080 (http) with context path '/'
2024-09-02T10:54:41.852+05:30  INFO 9836 --- [15_jwtsecurity_app] [restartedMain] com.techlab.jwtsecurity.Application      : Started Application in 0.526 seconds (process running for 1666.611)
2024-09-02T10:54:41.853+05:30  INFO 9836 --- [15_jwtsecurity_app] [restartedMain] .ConditionEvaluationDeltaLoggingListener : Condition evaluation unchanged
2024-09-02T10:55:00.141+05:30  INFO 9836 --- [15_jwtsecurity_app] [http-nio-8080-exec-3] o.a.c.c.C.[Tomcat].[localhost].[/]       : Initializing Spring DispatcherServlet 'dispatcherServlet'
2024-09-02T10:55:00.141+05:30  INFO 9836 --- [15_jwtsecurity_app] [http-nio-8080-exec-3] o.s.web.servlet.DispatcherServlet        : Initializing Servlet 'dispatcherServlet'
2024-09-02T10:55:00.142+05:30  INFO 9836 --- [15_jwtsecurity_app] [http-nio-8080-exec-3] o.s.web.servlet.DispatcherServlet        : Completed initialization in 1 ms
2024-09-02T11:19:41.573+05:30  INFO 9836 --- [15_jwtsecurity_app] [File Watcher] rtingClassPathChangeChangedEventListener : Restarting due to 1 class path change (0 additions, 0 deletions, 1 modification)
2024-09-02T11:19:41.585+05:30  INFO 9836 --- [15_jwtsecurity_app] [Thread-27] j.LocalContainerEntityManagerFactoryBean : Closing JPA EntityManagerFactory for persistence unit 'default'
2024-09-02T11:19:41.586+05:30  INFO 9836 --- [15_jwtsecurity_app] [Thread-27] com.zaxxer.hikari.HikariDataSource       : HikariPool-7 - Shutdown initiated...
2024-09-02T11:19:41.591+05:30  INFO 9836 --- [15_jwtsecurity_app] [Thread-27] com.zaxxer.hikari.HikariDataSource       : HikariPool-7 - Shutdown completed.
2024-09-02T11:19:41.671+05:30  INFO 9836 --- [15_jwtsecurity_app] [restartedMain] com.techlab.jwtsecurity.Application      : Starting Application using Java 21.0.3 with PID 9836 (D:\spring_prj\15_jwtsecurity_app\target\classes started by Vinayak.Garudi in D:\spring_prj\15_jwtsecurity_app)
2024-09-02T11:19:41.671+05:30  INFO 9836 --- [15_jwtsecurity_app] [restartedMain] com.techlab.jwtsecurity.Application      : No active profile set, falling back to 1 default profile: "default"
2024-09-02T11:19:41.805+05:30  INFO 9836 --- [15_jwtsecurity_app] [restartedMain] .s.d.r.c.RepositoryConfigurationDelegate : Bootstrapping Spring Data JPA repositories in DEFAULT mode.
2024-09-02T11:19:41.837+05:30  INFO 9836 --- [15_jwtsecurity_app] [restartedMain] .s.d.r.c.RepositoryConfigurationDelegate : Finished Spring Data repository scanning in 31 ms. Found 3 JPA repository interfaces.
2024-09-02T11:19:41.905+05:30  INFO 9836 --- [15_jwtsecurity_app] [restartedMain] o.s.b.w.embedded.tomcat.TomcatWebServer  : Tomcat initialized with port 8080 (http)
2024-09-02T11:19:41.905+05:30  INFO 9836 --- [15_jwtsecurity_app] [restartedMain] o.apache.catalina.core.StandardService   : Starting service [Tomcat]
2024-09-02T11:19:41.906+05:30  INFO 9836 --- [15_jwtsecurity_app] [restartedMain] o.apache.catalina.core.StandardEngine    : Starting Servlet engine: [Apache Tomcat/10.1.28]
2024-09-02T11:19:41.919+05:30  INFO 9836 --- [15_jwtsecurity_app] [restartedMain] o.a.c.c.C.[Tomcat].[localhost].[/]       : Initializing Spring embedded WebApplicationContext
2024-09-02T11:19:41.919+05:30  INFO 9836 --- [15_jwtsecurity_app] [restartedMain] w.s.c.ServletWebServerApplicationContext : Root WebApplicationContext: initialization completed in 247 ms
2024-09-02T11:19:41.944+05:30  INFO 9836 --- [15_jwtsecurity_app] [restartedMain] o.hibernate.jpa.internal.util.LogHelper  : HHH000204: Processing PersistenceUnitInfo [name: default]
2024-09-02T11:19:41.946+05:30  INFO 9836 --- [15_jwtsecurity_app] [restartedMain] o.h.c.internal.RegionFactoryInitiator    : HHH000026: Second-level cache disabled
2024-09-02T11:19:41.951+05:30  INFO 9836 --- [15_jwtsecurity_app] [restartedMain] o.s.o.j.p.SpringPersistenceUnitInfo      : No LoadTimeWeaver setup: ignoring JPA class transformer
2024-09-02T11:19:41.952+05:30  INFO 9836 --- [15_jwtsecurity_app] [restartedMain] com.zaxxer.hikari.HikariDataSource       : HikariPool-8 - Starting...
2024-09-02T11:19:41.965+05:30  INFO 9836 --- [15_jwtsecurity_app] [restartedMain] com.zaxxer.hikari.pool.HikariPool        : HikariPool-8 - Added connection com.mysql.cj.jdbc.ConnectionImpl@7a550172
2024-09-02T11:19:41.965+05:30  INFO 9836 --- [15_jwtsecurity_app] [restartedMain] com.zaxxer.hikari.HikariDataSource       : HikariPool-8 - Start completed.
2024-09-02T11:19:42.006+05:30  INFO 9836 --- [15_jwtsecurity_app] [restartedMain] o.h.e.t.j.p.i.JtaPlatformInitiator       : HHH000489: No JTA platform available (set 'hibernate.transaction.jta.platform' to enable JTA platform integration)
2024-09-02T11:19:42.021+05:30  INFO 9836 --- [15_jwtsecurity_app] [restartedMain] j.LocalContainerEntityManagerFactoryBean : Initialized JPA EntityManagerFactory for persistence unit 'default'
2024-09-02T11:19:42.097+05:30  INFO 9836 --- [15_jwtsecurity_app] [restartedMain] r$InitializeUserDetailsManagerConfigurer : Global AuthenticationManager configured with UserDetailsService bean with name customUserDetailService
2024-09-02T11:19:42.113+05:30  WARN 9836 --- [15_jwtsecurity_app] [restartedMain] JpaBaseConfiguration$JpaWebConfiguration : spring.jpa.open-in-view is enabled by default. Therefore, database queries may be performed during view rendering. Explicitly configure spring.jpa.open-in-view to disable this warning
2024-09-02T11:19:42.196+05:30  INFO 9836 --- [15_jwtsecurity_app] [restartedMain] o.s.b.d.a.OptionalLiveReloadServer       : LiveReload server is running on port 35729
2024-09-02T11:19:42.204+05:30  INFO 9836 --- [15_jwtsecurity_app] [restartedMain] o.s.b.w.embedded.tomcat.TomcatWebServer  : Tomcat started on port 8080 (http) with context path '/'
2024-09-02T11:19:42.206+05:30  INFO 9836 --- [15_jwtsecurity_app] [restartedMain] com.techlab.jwtsecurity.Application      : Started Application in 0.551 seconds (process running for 3166.964)
2024-09-02T11:19:42.206+05:30  INFO 9836 --- [15_jwtsecurity_app] [restartedMain] .ConditionEvaluationDeltaLoggingListener : Condition evaluation unchanged
