2024-08-29T10:24:19.953+05:30  INFO 16392 --- [08_bankdb_app-1] [restartedMain] com.techlab.mapipngapp.Application       : Starting Application using Java 21.0.3 with PID 16392 (D:\spring_prj\08_bankdb_app-1\target\classes started by Vinayak.Garudi in D:\spring_prj\08_bankdb_app-1)
2024-08-29T10:24:19.976+05:30  INFO 16392 --- [08_bankdb_app-1] [restartedMain] com.techlab.mapipngapp.Application       : No active profile set, falling back to 1 default profile: "default"
2024-08-29T10:24:20.035+05:30  INFO 16392 --- [08_bankdb_app-1] [restartedMain] .e.DevToolsPropertyDefaultsPostProcessor : Devtools property defaults active! Set 'spring.devtools.add-properties' to 'false' to disable
2024-08-29T10:24:20.035+05:30  INFO 16392 --- [08_bankdb_app-1] [restartedMain] .e.DevToolsPropertyDefaultsPostProcessor : For additional web related logging consider setting the 'logging.level.web' property to 'DEBUG'
2024-08-29T10:24:20.932+05:30  INFO 16392 --- [08_bankdb_app-1] [restartedMain] .s.d.r.c.RepositoryConfigurationDelegate : Bootstrapping Spring Data JPA repositories in DEFAULT mode.
2024-08-29T10:24:21.032+05:30  INFO 16392 --- [08_bankdb_app-1] [restartedMain] .s.d.r.c.RepositoryConfigurationDelegate : Finished Spring Data repository scanning in 88 ms. Found 3 JPA repository interfaces.
2024-08-29T10:24:21.789+05:30  INFO 16392 --- [08_bankdb_app-1] [restartedMain] o.s.b.w.embedded.tomcat.TomcatWebServer  : Tomcat initialized with port 8080 (http)
2024-08-29T10:24:21.806+05:30  INFO 16392 --- [08_bankdb_app-1] [restartedMain] o.apache.catalina.core.StandardService   : Starting service [Tomcat]
2024-08-29T10:24:21.806+05:30  INFO 16392 --- [08_bankdb_app-1] [restartedMain] o.apache.catalina.core.StandardEngine    : Starting Servlet engine: [Apache Tomcat/10.1.28]
2024-08-29T10:24:21.871+05:30  INFO 16392 --- [08_bankdb_app-1] [restartedMain] o.a.c.c.C.[Tomcat].[localhost].[/]       : Initializing Spring embedded WebApplicationContext
2024-08-29T10:24:21.871+05:30  INFO 16392 --- [08_bankdb_app-1] [restartedMain] w.s.c.ServletWebServerApplicationContext : Root WebApplicationContext: initialization completed in 1835 ms
2024-08-29T10:24:22.100+05:30  INFO 16392 --- [08_bankdb_app-1] [restartedMain] o.hibernate.jpa.internal.util.LogHelper  : HHH000204: Processing PersistenceUnitInfo [name: default]
2024-08-29T10:24:22.180+05:30  INFO 16392 --- [08_bankdb_app-1] [restartedMain] org.hibernate.Version                    : HHH000412: Hibernate ORM core version 6.5.2.Final
2024-08-29T10:24:22.252+05:30  INFO 16392 --- [08_bankdb_app-1] [restartedMain] o.h.c.internal.RegionFactoryInitiator    : HHH000026: Second-level cache disabled
2024-08-29T10:24:22.633+05:30  INFO 16392 --- [08_bankdb_app-1] [restartedMain] o.s.o.j.p.SpringPersistenceUnitInfo      : No LoadTimeWeaver setup: ignoring JPA class transformer
2024-08-29T10:24:22.665+05:30  INFO 16392 --- [08_bankdb_app-1] [restartedMain] com.zaxxer.hikari.HikariDataSource       : HikariPool-1 - Starting...
2024-08-29T10:24:23.073+05:30  INFO 16392 --- [08_bankdb_app-1] [restartedMain] com.zaxxer.hikari.pool.HikariPool        : HikariPool-1 - Added connection com.mysql.cj.jdbc.ConnectionImpl@66db8371
2024-08-29T10:24:23.076+05:30  INFO 16392 --- [08_bankdb_app-1] [restartedMain] com.zaxxer.hikari.HikariDataSource       : HikariPool-1 - Start completed.
2024-08-29T10:24:24.182+05:30  INFO 16392 --- [08_bankdb_app-1] [restartedMain] o.h.e.t.j.p.i.JtaPlatformInitiator       : HHH000489: No JTA platform available (set 'hibernate.transaction.jta.platform' to enable JTA platform integration)
2024-08-29T10:24:24.270+05:30  INFO 16392 --- [08_bankdb_app-1] [restartedMain] j.LocalContainerEntityManagerFactoryBean : Initialized JPA EntityManagerFactory for persistence unit 'default'
2024-08-29T10:24:24.713+05:30  WARN 16392 --- [08_bankdb_app-1] [restartedMain] JpaBaseConfiguration$JpaWebConfiguration : spring.jpa.open-in-view is enabled by default. Therefore, database queries may be performed during view rendering. Explicitly configure spring.jpa.open-in-view to disable this warning
2024-08-29T10:24:25.157+05:30  WARN 16392 --- [08_bankdb_app-1] [restartedMain] .s.s.UserDetailsServiceAutoConfiguration : 

Using generated security password: cd4f8325-5180-49fa-a804-9af040bfcbdb

This generated password is for development use only. Your security configuration must be updated before running your application in production.

2024-08-29T10:24:25.176+05:30  INFO 16392 --- [08_bankdb_app-1] [restartedMain] r$InitializeUserDetailsManagerConfigurer : Global AuthenticationManager configured with UserDetailsService bean with name inMemoryUserDetailsManager
2024-08-29T10:24:25.435+05:30  INFO 16392 --- [08_bankdb_app-1] [restartedMain] o.s.b.d.a.OptionalLiveReloadServer       : LiveReload server is running on port 35729
2024-08-29T10:24:25.482+05:30  INFO 16392 --- [08_bankdb_app-1] [restartedMain] o.s.b.w.embedded.tomcat.TomcatWebServer  : Tomcat started on port 8080 (http) with context path '/'
2024-08-29T10:24:25.495+05:30  INFO 16392 --- [08_bankdb_app-1] [restartedMain] com.techlab.mapipngapp.Application       : Started Application in 6.081 seconds (process running for 6.91)
2024-08-29T10:24:43.852+05:30  INFO 16392 --- [08_bankdb_app-1] [http-nio-8080-exec-1] o.a.c.c.C.[Tomcat].[localhost].[/]       : Initializing Spring DispatcherServlet 'dispatcherServlet'
2024-08-29T10:24:43.852+05:30  INFO 16392 --- [08_bankdb_app-1] [http-nio-8080-exec-1] o.s.web.servlet.DispatcherServlet        : Initializing Servlet 'dispatcherServlet'
2024-08-29T10:24:43.854+05:30  INFO 16392 --- [08_bankdb_app-1] [http-nio-8080-exec-1] o.s.web.servlet.DispatcherServlet        : Completed initialization in 1 ms
2024-08-29T10:26:13.460+05:30  INFO 16392 --- [08_bankdb_app-1] [File Watcher] rtingClassPathChangeChangedEventListener : Restarting due to 1 class path change (0 additions, 0 deletions, 1 modification)
2024-08-29T10:26:13.486+05:30  INFO 16392 --- [08_bankdb_app-1] [Thread-5] j.LocalContainerEntityManagerFactoryBean : Closing JPA EntityManagerFactory for persistence unit 'default'
2024-08-29T10:26:13.490+05:30  INFO 16392 --- [08_bankdb_app-1] [Thread-5] com.zaxxer.hikari.HikariDataSource       : HikariPool-1 - Shutdown initiated...
2024-08-29T10:26:13.503+05:30  INFO 16392 --- [08_bankdb_app-1] [Thread-5] com.zaxxer.hikari.HikariDataSource       : HikariPool-1 - Shutdown completed.
2024-08-29T10:26:13.635+05:30  INFO 16392 --- [08_bankdb_app-1] [restartedMain] com.techlab.mapipngapp.Application       : Starting Application using Java 21.0.3 with PID 16392 (D:\spring_prj\08_bankdb_app-1\target\classes started by Vinayak.Garudi in D:\spring_prj\08_bankdb_app-1)
2024-08-29T10:26:13.636+05:30  INFO 16392 --- [08_bankdb_app-1] [restartedMain] com.techlab.mapipngapp.Application       : No active profile set, falling back to 1 default profile: "default"
2024-08-29T10:26:13.918+05:30  INFO 16392 --- [08_bankdb_app-1] [restartedMain] .s.d.r.c.RepositoryConfigurationDelegate : Bootstrapping Spring Data JPA repositories in DEFAULT mode.
2024-08-29T10:26:13.957+05:30  INFO 16392 --- [08_bankdb_app-1] [restartedMain] .s.d.r.c.RepositoryConfigurationDelegate : Finished Spring Data repository scanning in 39 ms. Found 3 JPA repository interfaces.
2024-08-29T10:26:14.072+05:30  INFO 16392 --- [08_bankdb_app-1] [restartedMain] o.s.b.w.embedded.tomcat.TomcatWebServer  : Tomcat initialized with port 8080 (http)
2024-08-29T10:26:14.073+05:30  INFO 16392 --- [08_bankdb_app-1] [restartedMain] o.apache.catalina.core.StandardService   : Starting service [Tomcat]
2024-08-29T10:26:14.073+05:30  INFO 16392 --- [08_bankdb_app-1] [restartedMain] o.apache.catalina.core.StandardEngine    : Starting Servlet engine: [Apache Tomcat/10.1.28]
2024-08-29T10:26:14.107+05:30  INFO 16392 --- [08_bankdb_app-1] [restartedMain] o.a.c.c.C.[Tomcat].[localhost].[/]       : Initializing Spring embedded WebApplicationContext
2024-08-29T10:26:14.107+05:30  INFO 16392 --- [08_bankdb_app-1] [restartedMain] w.s.c.ServletWebServerApplicationContext : Root WebApplicationContext: initialization completed in 467 ms
2024-08-29T10:26:14.169+05:30  INFO 16392 --- [08_bankdb_app-1] [restartedMain] o.hibernate.jpa.internal.util.LogHelper  : HHH000204: Processing PersistenceUnitInfo [name: default]
2024-08-29T10:26:14.172+05:30  INFO 16392 --- [08_bankdb_app-1] [restartedMain] o.h.c.internal.RegionFactoryInitiator    : HHH000026: Second-level cache disabled
2024-08-29T10:26:14.182+05:30  INFO 16392 --- [08_bankdb_app-1] [restartedMain] o.s.o.j.p.SpringPersistenceUnitInfo      : No LoadTimeWeaver setup: ignoring JPA class transformer
2024-08-29T10:26:14.183+05:30  INFO 16392 --- [08_bankdb_app-1] [restartedMain] com.zaxxer.hikari.HikariDataSource       : HikariPool-2 - Starting...
2024-08-29T10:26:14.208+05:30  INFO 16392 --- [08_bankdb_app-1] [restartedMain] com.zaxxer.hikari.pool.HikariPool        : HikariPool-2 - Added connection com.mysql.cj.jdbc.ConnectionImpl@68019f1c
2024-08-29T10:26:14.208+05:30  INFO 16392 --- [08_bankdb_app-1] [restartedMain] com.zaxxer.hikari.HikariDataSource       : HikariPool-2 - Start completed.
2024-08-29T10:26:14.314+05:30  INFO 16392 --- [08_bankdb_app-1] [restartedMain] o.h.e.t.j.p.i.JtaPlatformInitiator       : HHH000489: No JTA platform available (set 'hibernate.transaction.jta.platform' to enable JTA platform integration)
2024-08-29T10:26:14.353+05:30  INFO 16392 --- [08_bankdb_app-1] [restartedMain] j.LocalContainerEntityManagerFactoryBean : Initialized JPA EntityManagerFactory for persistence unit 'default'
2024-08-29T10:26:14.457+05:30  WARN 16392 --- [08_bankdb_app-1] [restartedMain] JpaBaseConfiguration$JpaWebConfiguration : spring.jpa.open-in-view is enabled by default. Therefore, database queries may be performed during view rendering. Explicitly configure spring.jpa.open-in-view to disable this warning
2024-08-29T10:26:14.560+05:30  INFO 16392 --- [08_bankdb_app-1] [restartedMain] r$InitializeUserDetailsManagerConfigurer : Global AuthenticationManager configured with UserDetailsService bean with name inMemoryUserDetailsManager
2024-08-29T10:26:14.586+05:30  INFO 16392 --- [08_bankdb_app-1] [restartedMain] o.s.b.d.a.OptionalLiveReloadServer       : LiveReload server is running on port 35729
2024-08-29T10:26:14.602+05:30  INFO 16392 --- [08_bankdb_app-1] [restartedMain] o.s.b.w.embedded.tomcat.TomcatWebServer  : Tomcat started on port 8080 (http) with context path '/'
2024-08-29T10:26:14.607+05:30  INFO 16392 --- [08_bankdb_app-1] [restartedMain] com.techlab.mapipngapp.Application       : Started Application in 1.015 seconds (process running for 116.022)
2024-08-29T10:26:14.609+05:30  INFO 16392 --- [08_bankdb_app-1] [restartedMain] .ConditionEvaluationDeltaLoggingListener : Condition evaluation unchanged
2024-08-29T10:26:20.739+05:30  INFO 16392 --- [08_bankdb_app-1] [http-nio-8080-exec-2] o.a.c.c.C.[Tomcat].[localhost].[/]       : Initializing Spring DispatcherServlet 'dispatcherServlet'
2024-08-29T10:26:20.740+05:30  INFO 16392 --- [08_bankdb_app-1] [http-nio-8080-exec-2] o.s.web.servlet.DispatcherServlet        : Initializing Servlet 'dispatcherServlet'
2024-08-29T10:26:20.741+05:30  INFO 16392 --- [08_bankdb_app-1] [http-nio-8080-exec-2] o.s.web.servlet.DispatcherServlet        : Completed initialization in 1 ms
