2024-09-03T11:13:26.056+05:30  INFO 3704 --- [11_icici_banking_app2] [restartedMain] com.techlab.mapipngapp.Application       : Starting Application using Java 21.0.3 with PID 3704 (D:\spring_prj\11_icici_banking_app2\target\classes started by Vinayak.Garudi in D:\spring_prj\11_icici_banking_app2)
2024-09-03T11:13:26.077+05:30  INFO 3704 --- [11_icici_banking_app2] [restartedMain] com.techlab.mapipngapp.Application       : No active profile set, falling back to 1 default profile: "default"
2024-09-03T11:13:26.137+05:30  INFO 3704 --- [11_icici_banking_app2] [restartedMain] .e.DevToolsPropertyDefaultsPostProcessor : Devtools property defaults active! Set 'spring.devtools.add-properties' to 'false' to disable
2024-09-03T11:13:26.137+05:30  INFO 3704 --- [11_icici_banking_app2] [restartedMain] .e.DevToolsPropertyDefaultsPostProcessor : For additional web related logging consider setting the 'logging.level.web' property to 'DEBUG'
2024-09-03T11:13:27.557+05:30  INFO 3704 --- [11_icici_banking_app2] [restartedMain] .s.d.r.c.RepositoryConfigurationDelegate : Bootstrapping Spring Data JPA repositories in DEFAULT mode.
2024-09-03T11:13:27.691+05:30  INFO 3704 --- [11_icici_banking_app2] [restartedMain] .s.d.r.c.RepositoryConfigurationDelegate : Finished Spring Data repository scanning in 119 ms. Found 6 JPA repository interfaces.
2024-09-03T11:13:28.629+05:30  INFO 3704 --- [11_icici_banking_app2] [restartedMain] o.s.b.w.embedded.tomcat.TomcatWebServer  : Tomcat initialized with port 8080 (http)
2024-09-03T11:13:28.651+05:30  INFO 3704 --- [11_icici_banking_app2] [restartedMain] o.apache.catalina.core.StandardService   : Starting service [Tomcat]
2024-09-03T11:13:28.651+05:30  INFO 3704 --- [11_icici_banking_app2] [restartedMain] o.apache.catalina.core.StandardEngine    : Starting Servlet engine: [Apache Tomcat/10.1.28]
2024-09-03T11:13:28.722+05:30  INFO 3704 --- [11_icici_banking_app2] [restartedMain] o.a.c.c.C.[Tomcat].[localhost].[/]       : Initializing Spring embedded WebApplicationContext
2024-09-03T11:13:28.723+05:30  INFO 3704 --- [11_icici_banking_app2] [restartedMain] w.s.c.ServletWebServerApplicationContext : Root WebApplicationContext: initialization completed in 2584 ms
2024-09-03T11:13:28.938+05:30  INFO 3704 --- [11_icici_banking_app2] [restartedMain] o.hibernate.jpa.internal.util.LogHelper  : HHH000204: Processing PersistenceUnitInfo [name: default]
2024-09-03T11:13:29.042+05:30  INFO 3704 --- [11_icici_banking_app2] [restartedMain] org.hibernate.Version                    : HHH000412: Hibernate ORM core version 6.5.2.Final
2024-09-03T11:13:29.109+05:30  INFO 3704 --- [11_icici_banking_app2] [restartedMain] o.h.c.internal.RegionFactoryInitiator    : HHH000026: Second-level cache disabled
2024-09-03T11:13:29.526+05:30  INFO 3704 --- [11_icici_banking_app2] [restartedMain] o.s.o.j.p.SpringPersistenceUnitInfo      : No LoadTimeWeaver setup: ignoring JPA class transformer
2024-09-03T11:13:29.569+05:30  INFO 3704 --- [11_icici_banking_app2] [restartedMain] com.zaxxer.hikari.HikariDataSource       : HikariPool-1 - Starting...
2024-09-03T11:13:29.977+05:30  INFO 3704 --- [11_icici_banking_app2] [restartedMain] com.zaxxer.hikari.pool.HikariPool        : HikariPool-1 - Added connection com.mysql.cj.jdbc.ConnectionImpl@531136da
2024-09-03T11:13:29.980+05:30  INFO 3704 --- [11_icici_banking_app2] [restartedMain] com.zaxxer.hikari.HikariDataSource       : HikariPool-1 - Start completed.
2024-09-03T11:13:31.208+05:30  INFO 3704 --- [11_icici_banking_app2] [restartedMain] o.h.e.t.j.p.i.JtaPlatformInitiator       : HHH000489: No JTA platform available (set 'hibernate.transaction.jta.platform' to enable JTA platform integration)
2024-09-03T11:13:31.324+05:30  INFO 3704 --- [11_icici_banking_app2] [restartedMain] j.LocalContainerEntityManagerFactoryBean : Initialized JPA EntityManagerFactory for persistence unit 'default'
2024-09-03T11:13:31.982+05:30  INFO 3704 --- [11_icici_banking_app2] [restartedMain] r$InitializeUserDetailsManagerConfigurer : Global AuthenticationManager configured with UserDetailsService bean with name customUserDetailService
2024-09-03T11:13:32.048+05:30  WARN 3704 --- [11_icici_banking_app2] [restartedMain] JpaBaseConfiguration$JpaWebConfiguration : spring.jpa.open-in-view is enabled by default. Therefore, database queries may be performed during view rendering. Explicitly configure spring.jpa.open-in-view to disable this warning
2024-09-03T11:13:32.802+05:30  INFO 3704 --- [11_icici_banking_app2] [restartedMain] o.s.b.d.a.OptionalLiveReloadServer       : LiveReload server is running on port 35729
2024-09-03T11:13:32.844+05:30  INFO 3704 --- [11_icici_banking_app2] [restartedMain] o.s.b.w.embedded.tomcat.TomcatWebServer  : Tomcat started on port 8080 (http) with context path '/'
2024-09-03T11:13:32.857+05:30  INFO 3704 --- [11_icici_banking_app2] [restartedMain] com.techlab.mapipngapp.Application       : Started Application in 7.317 seconds (process running for 8.067)
2024-09-03T11:28:05.188+05:30  INFO 20820 --- [11_icici_banking_app2] [restartedMain] com.techlab.mapipngapp.Application       : Starting Application using Java 21.0.3 with PID 20820 (D:\spring_prj\11_icici_banking_app2\target\classes started by Vinayak.Garudi in D:\spring_prj\11_icici_banking_app2)
2024-09-03T11:28:05.196+05:30  INFO 20820 --- [11_icici_banking_app2] [restartedMain] com.techlab.mapipngapp.Application       : No active profile set, falling back to 1 default profile: "default"
2024-09-03T11:28:05.247+05:30  INFO 20820 --- [11_icici_banking_app2] [restartedMain] .e.DevToolsPropertyDefaultsPostProcessor : Devtools property defaults active! Set 'spring.devtools.add-properties' to 'false' to disable
2024-09-03T11:28:05.247+05:30  INFO 20820 --- [11_icici_banking_app2] [restartedMain] .e.DevToolsPropertyDefaultsPostProcessor : For additional web related logging consider setting the 'logging.level.web' property to 'DEBUG'
2024-09-03T11:28:06.416+05:30  INFO 20820 --- [11_icici_banking_app2] [restartedMain] .s.d.r.c.RepositoryConfigurationDelegate : Bootstrapping Spring Data JPA repositories in DEFAULT mode.
2024-09-03T11:28:06.551+05:30  INFO 20820 --- [11_icici_banking_app2] [restartedMain] .s.d.r.c.RepositoryConfigurationDelegate : Finished Spring Data repository scanning in 123 ms. Found 6 JPA repository interfaces.
2024-09-03T11:28:07.466+05:30  INFO 20820 --- [11_icici_banking_app2] [restartedMain] o.s.b.w.embedded.tomcat.TomcatWebServer  : Tomcat initialized with port 8080 (http)
2024-09-03T11:28:07.488+05:30  INFO 20820 --- [11_icici_banking_app2] [restartedMain] o.apache.catalina.core.StandardService   : Starting service [Tomcat]
2024-09-03T11:28:07.489+05:30  INFO 20820 --- [11_icici_banking_app2] [restartedMain] o.apache.catalina.core.StandardEngine    : Starting Servlet engine: [Apache Tomcat/10.1.28]
2024-09-03T11:28:07.555+05:30  INFO 20820 --- [11_icici_banking_app2] [restartedMain] o.a.c.c.C.[Tomcat].[localhost].[/]       : Initializing Spring embedded WebApplicationContext
2024-09-03T11:28:07.556+05:30  INFO 20820 --- [11_icici_banking_app2] [restartedMain] w.s.c.ServletWebServerApplicationContext : Root WebApplicationContext: initialization completed in 2307 ms
2024-09-03T11:28:07.786+05:30  INFO 20820 --- [11_icici_banking_app2] [restartedMain] o.hibernate.jpa.internal.util.LogHelper  : HHH000204: Processing PersistenceUnitInfo [name: default]
2024-09-03T11:28:07.872+05:30  INFO 20820 --- [11_icici_banking_app2] [restartedMain] org.hibernate.Version                    : HHH000412: Hibernate ORM core version 6.5.2.Final
2024-09-03T11:28:07.918+05:30  INFO 20820 --- [11_icici_banking_app2] [restartedMain] o.h.c.internal.RegionFactoryInitiator    : HHH000026: Second-level cache disabled
2024-09-03T11:28:08.284+05:30  INFO 20820 --- [11_icici_banking_app2] [restartedMain] o.s.o.j.p.SpringPersistenceUnitInfo      : No LoadTimeWeaver setup: ignoring JPA class transformer
2024-09-03T11:28:08.321+05:30  INFO 20820 --- [11_icici_banking_app2] [restartedMain] com.zaxxer.hikari.HikariDataSource       : HikariPool-1 - Starting...
2024-09-03T11:28:08.807+05:30  INFO 20820 --- [11_icici_banking_app2] [restartedMain] com.zaxxer.hikari.pool.HikariPool        : HikariPool-1 - Added connection com.mysql.cj.jdbc.ConnectionImpl@4ebd9078
2024-09-03T11:28:08.810+05:30  INFO 20820 --- [11_icici_banking_app2] [restartedMain] com.zaxxer.hikari.HikariDataSource       : HikariPool-1 - Start completed.
2024-09-03T11:28:10.017+05:30  INFO 20820 --- [11_icici_banking_app2] [restartedMain] o.h.e.t.j.p.i.JtaPlatformInitiator       : HHH000489: No JTA platform available (set 'hibernate.transaction.jta.platform' to enable JTA platform integration)
2024-09-03T11:28:10.116+05:30  INFO 20820 --- [11_icici_banking_app2] [restartedMain] j.LocalContainerEntityManagerFactoryBean : Initialized JPA EntityManagerFactory for persistence unit 'default'
2024-09-03T11:28:10.819+05:30  INFO 20820 --- [11_icici_banking_app2] [restartedMain] r$InitializeUserDetailsManagerConfigurer : Global AuthenticationManager configured with UserDetailsService bean with name customUserDetailService
2024-09-03T11:28:10.899+05:30  WARN 20820 --- [11_icici_banking_app2] [restartedMain] JpaBaseConfiguration$JpaWebConfiguration : spring.jpa.open-in-view is enabled by default. Therefore, database queries may be performed during view rendering. Explicitly configure spring.jpa.open-in-view to disable this warning
2024-09-03T11:28:11.614+05:30  INFO 20820 --- [11_icici_banking_app2] [restartedMain] o.s.b.d.a.OptionalLiveReloadServer       : LiveReload server is running on port 35729
2024-09-03T11:28:11.660+05:30  INFO 20820 --- [11_icici_banking_app2] [restartedMain] o.s.b.w.embedded.tomcat.TomcatWebServer  : Tomcat started on port 8080 (http) with context path '/'
2024-09-03T11:28:11.673+05:30  INFO 20820 --- [11_icici_banking_app2] [restartedMain] com.techlab.mapipngapp.Application       : Started Application in 7.013 seconds (process running for 7.736)
2024-09-03T11:35:20.159+05:30  INFO 20820 --- [11_icici_banking_app2] [http-nio-8080-exec-2] o.a.c.c.C.[Tomcat].[localhost].[/]       : Initializing Spring DispatcherServlet 'dispatcherServlet'
2024-09-03T11:35:20.161+05:30  INFO 20820 --- [11_icici_banking_app2] [http-nio-8080-exec-2] o.s.web.servlet.DispatcherServlet        : Initializing Servlet 'dispatcherServlet'
2024-09-03T11:35:20.165+05:30  INFO 20820 --- [11_icici_banking_app2] [http-nio-8080-exec-2] o.s.web.servlet.DispatcherServlet        : Completed initialization in 4 ms
2024-09-03T11:35:53.674+05:30  WARN 20820 --- [11_icici_banking_app2] [http-nio-8080-exec-3] .m.m.a.ExceptionHandlerExceptionResolver : Resolved [UserApiException(status=400 BAD_REQUEST, message=user already exists)]
2024-09-03T11:36:03.387+05:30  WARN 20820 --- [11_icici_banking_app2] [http-nio-8080-exec-5] .m.m.a.ExceptionHandlerExceptionResolver : Resolved [org.springframework.web.bind.MethodArgumentNotValidException: Validation failed for argument [0] in public org.springframework.http.ResponseEntity<com.techlab.mapipngapp.entity.User> com.techlab.mapipngapp.controller.UserController.createUser(com.techlab.mapipngapp.dto.RegisterDto): [Field error in object 'registerDto' on field 'password': rejected value [secureSass]; codes [Pattern.registerDto.password,Pattern.password,Pattern.java.lang.String,Pattern]; arguments [org.springframework.context.support.DefaultMessageSourceResolvable: codes [registerDto.password,password]; arguments []; default message [password],[Ljakarta.validation.constraints.Pattern$Flag;@75e36aa,.*[@$!%*?&].*]; default message [Password must contain at least one special character]] ]
2024-09-03T11:36:15.776+05:30  WARN 20820 --- [11_icici_banking_app2] [http-nio-8080-exec-6] .m.m.a.ExceptionHandlerExceptionResolver : Resolved [UserApiException(status=400 BAD_REQUEST, message=user already exists)]
2024-09-03T11:36:21.331+05:30  WARN 20820 --- [11_icici_banking_app2] [http-nio-8080-exec-9] .m.m.a.ExceptionHandlerExceptionResolver : Resolved [java.lang.RuntimeException: Given role not Exist]
2024-09-03T11:38:02.268+05:30  WARN 20820 --- [11_icici_banking_app2] [http-nio-8080-exec-4] .m.m.a.ExceptionHandlerExceptionResolver : Resolved [org.springframework.web.bind.MethodArgumentNotValidException: Validation failed for argument [0] in public org.springframework.http.ResponseEntity<com.techlab.mapipngapp.dto.CreateCustomerAccountDto> com.techlab.mapipngapp.controller.CustomerController.addCustomer(com.techlab.mapipngapp.dto.CreateCustomerAccountDto): [Field error in object 'createCustomerAccountDto' on field 'balance': rejected value [1.0]; codes [Min.createCustomerAccountDto.balance,Min.balance,Min.double,Min]; arguments [org.springframework.context.support.DefaultMessageSourceResolvable: codes [createCustomerAccountDto.balance,balance]; arguments []; default message [balance],500]; default message [must be greater than or equal to 500]] ]
2024-09-03T11:38:12.435+05:30  WARN 20820 --- [11_icici_banking_app2] [http-nio-8080-exec-7] .m.m.a.ExceptionHandlerExceptionResolver : Resolved [java.lang.RuntimeException: Customer Not present with Id: 8]
2024-09-03T11:41:19.505+05:30  WARN 20820 --- [11_icici_banking_app2] [http-nio-8080-exec-8] .m.m.a.ExceptionHandlerExceptionResolver : Resolved [org.springframework.web.bind.MethodArgumentNotValidException: Validation failed for argument [0] in public org.springframework.http.ResponseEntity<com.techlab.mapipngapp.dto.TransactionResponseDto> com.techlab.mapipngapp.controller.AccountController.performTransaction(com.techlab.mapipngapp.dto.PerformTransactionDto) with 2 errors: [Field error in object 'performTransactionDto' on field 'amount': rejected value [-100.0]; codes [Positive.performTransactionDto.amount,Positive.amount,Positive.double,Positive]; arguments [org.springframework.context.support.DefaultMessageSourceResolvable: codes [performTransactionDto.amount,amount]; arguments []; default message [amount]]; default message [must be greater than 0]] [Field error in object 'performTransactionDto' on field 'amount': rejected value [-100.0]; codes [Min.performTransactionDto.amount,Min.amount,Min.double,Min]; arguments [org.springframework.context.support.DefaultMessageSourceResolvable: codes [performTransactionDto.amount,amount]; arguments []; default message [amount],1]; default message [must be greater than or equal to 1]] ]
2024-09-03T11:41:52.006+05:30  WARN 20820 --- [11_icici_banking_app2] [http-nio-8080-exec-1] .m.m.a.ExceptionHandlerExceptionResolver : Resolved [java.lang.RuntimeException: account number does not exist: 100000000008]
2024-09-03T11:42:38.864+05:30  WARN 20820 --- [11_icici_banking_app2] [http-nio-8080-exec-7] .m.m.a.ExceptionHandlerExceptionResolver : Resolved [java.lang.RuntimeException: Invalid Transaction , can transfer to samr account]
2024-09-03T11:44:13.870+05:30  WARN 20820 --- [11_icici_banking_app2] [http-nio-8080-exec-1] .m.m.a.ExceptionHandlerExceptionResolver : Resolved [org.springframework.web.bind.MethodArgumentNotValidException: Validation failed for argument [1] in public org.springframework.http.ResponseEntity<com.techlab.mapipngapp.entity.User> com.techlab.mapipngapp.controller.UserController.updateUserByCustomerId(int,com.techlab.mapipngapp.dto.CustomerUserDto) with 2 errors: [Field error in object 'customerUserDto' on field 'newPassword': rejected value [erttyuiop9]; codes [Pattern.customerUserDto.newPassword,Pattern.newPassword,Pattern.java.lang.String,Pattern]; arguments [org.springframework.context.support.DefaultMessageSourceResolvable: codes [customerUserDto.newPassword,newPassword]; arguments []; default message [newPassword],[Ljakarta.validation.constraints.Pattern$Flag;@75e36aa,.*[A-Z].*]; default message [Password must contain at least one uppercase letter]] [Field error in object 'customerUserDto' on field 'newPassword': rejected value [erttyuiop9]; codes [Pattern.customerUserDto.newPassword,Pattern.newPassword,Pattern.java.lang.String,Pattern]; arguments [org.springframework.context.support.DefaultMessageSourceResolvable: codes [customerUserDto.newPassword,newPassword]; arguments []; default message [newPassword],[Ljakarta.validation.constraints.Pattern$Flag;@75e36aa,.*[@$!%*?&].*]; default message [Password must contain at least one special character]] ]
2024-09-03T11:44:23.065+05:30  WARN 20820 --- [11_icici_banking_app2] [http-nio-8080-exec-3] .m.m.a.ExceptionHandlerExceptionResolver : Resolved [org.springframework.web.bind.MethodArgumentNotValidException: Validation failed for argument [1] in public org.springframework.http.ResponseEntity<com.techlab.mapipngapp.entity.User> com.techlab.mapipngapp.controller.UserController.updateUserByCustomerId(int,com.techlab.mapipngapp.dto.CustomerUserDto) with 2 errors: [Field error in object 'customerUserDto' on field 'newPassword': rejected value [erttyuiop9]; codes [Pattern.customerUserDto.newPassword,Pattern.newPassword,Pattern.java.lang.String,Pattern]; arguments [org.springframework.context.support.DefaultMessageSourceResolvable: codes [customerUserDto.newPassword,newPassword]; arguments []; default message [newPassword],[Ljakarta.validation.constraints.Pattern$Flag;@75e36aa,.*[@$!%*?&].*]; default message [Password must contain at least one special character]] [Field error in object 'customerUserDto' on field 'newPassword': rejected value [erttyuiop9]; codes [Pattern.customerUserDto.newPassword,Pattern.newPassword,Pattern.java.lang.String,Pattern]; arguments [org.springframework.context.support.DefaultMessageSourceResolvable: codes [customerUserDto.newPassword,newPassword]; arguments []; default message [newPassword],[Ljakarta.validation.constraints.Pattern$Flag;@75e36aa,.*[A-Z].*]; default message [Password must contain at least one uppercase letter]] ]
2024-09-03T11:44:51.718+05:30  WARN 20820 --- [11_icici_banking_app2] [http-nio-8080-exec-5] .m.m.a.ExceptionHandlerExceptionResolver : Resolved [org.springframework.web.bind.MethodArgumentNotValidException: Validation failed for argument [1] in public org.springframework.http.ResponseEntity<com.techlab.mapipngapp.entity.User> com.techlab.mapipngapp.controller.UserController.updateUserByCustomerId(int,com.techlab.mapipngapp.dto.CustomerUserDto): [Field error in object 'customerUserDto' on field 'newPassword': rejected value [null]; codes [NotBlank.customerUserDto.newPassword,NotBlank.newPassword,NotBlank.java.lang.String,NotBlank]; arguments [org.springframework.context.support.DefaultMessageSourceResolvable: codes [customerUserDto.newPassword,newPassword]; arguments []; default message [newPassword]]; default message [Password cannot be blank]] ]
2024-09-03T11:45:02.565+05:30  WARN 20820 --- [11_icici_banking_app2] [http-nio-8080-exec-7] .m.m.a.ExceptionHandlerExceptionResolver : Resolved [org.springframework.web.bind.MethodArgumentNotValidException: Validation failed for argument [1] in public org.springframework.http.ResponseEntity<com.techlab.mapipngapp.entity.User> com.techlab.mapipngapp.controller.UserController.updateUserByCustomerId(int,com.techlab.mapipngapp.dto.CustomerUserDto) with 2 errors: [Field error in object 'customerUserDto' on field 'newPassword': rejected value [erttyuiop9]; codes [Pattern.customerUserDto.newPassword,Pattern.newPassword,Pattern.java.lang.String,Pattern]; arguments [org.springframework.context.support.DefaultMessageSourceResolvable: codes [customerUserDto.newPassword,newPassword]; arguments []; default message [newPassword],[Ljakarta.validation.constraints.Pattern$Flag;@75e36aa,.*[A-Z].*]; default message [Password must contain at least one uppercase letter]] [Field error in object 'customerUserDto' on field 'newPassword': rejected value [erttyuiop9]; codes [Pattern.customerUserDto.newPassword,Pattern.newPassword,Pattern.java.lang.String,Pattern]; arguments [org.springframework.context.support.DefaultMessageSourceResolvable: codes [customerUserDto.newPassword,newPassword]; arguments []; default message [newPassword],[Ljakarta.validation.constraints.Pattern$Flag;@75e36aa,.*[@$!%*?&].*]; default message [Password must contain at least one special character]] ]
2024-09-03T11:45:07.655+05:30  WARN 20820 --- [11_icici_banking_app2] [http-nio-8080-exec-9] .m.m.a.ExceptionHandlerExceptionResolver : Resolved [org.springframework.web.bind.MethodArgumentNotValidException: Validation failed for argument [1] in public org.springframework.http.ResponseEntity<com.techlab.mapipngapp.entity.User> com.techlab.mapipngapp.controller.UserController.updateUserByCustomerId(int,com.techlab.mapipngapp.dto.CustomerUserDto): [Field error in object 'customerUserDto' on field 'newPassword': rejected value [erttyu@iop9]; codes [Pattern.customerUserDto.newPassword,Pattern.newPassword,Pattern.java.lang.String,Pattern]; arguments [org.springframework.context.support.DefaultMessageSourceResolvable: codes [customerUserDto.newPassword,newPassword]; arguments []; default message [newPassword],[Ljakarta.validation.constraints.Pattern$Flag;@75e36aa,.*[A-Z].*]; default message [Password must contain at least one uppercase letter]] ]
2024-09-03T11:46:12.625+05:30  WARN 20820 --- [11_icici_banking_app2] [http-nio-8080-exec-3] .m.m.a.ExceptionHandlerExceptionResolver : Resolved [UserApiException(status=404 NOT_FOUND, message=user or password is incorrect)]
2024-09-03T12:16:12.638+05:30  INFO 9160 --- [11_icici_banking_app2] [restartedMain] com.techlab.mapipngapp.Application       : Starting Application using Java 21.0.3 with PID 9160 (D:\spring_prj\11_icici_banking_app2\target\classes started by Vinayak.Garudi in D:\spring_prj\11_icici_banking_app2)
2024-09-03T12:16:12.649+05:30  INFO 9160 --- [11_icici_banking_app2] [restartedMain] com.techlab.mapipngapp.Application       : No active profile set, falling back to 1 default profile: "default"
2024-09-03T12:16:12.727+05:30  INFO 9160 --- [11_icici_banking_app2] [restartedMain] .e.DevToolsPropertyDefaultsPostProcessor : Devtools property defaults active! Set 'spring.devtools.add-properties' to 'false' to disable
2024-09-03T12:16:12.727+05:30  INFO 9160 --- [11_icici_banking_app2] [restartedMain] .e.DevToolsPropertyDefaultsPostProcessor : For additional web related logging consider setting the 'logging.level.web' property to 'DEBUG'
2024-09-03T12:16:14.078+05:30  INFO 9160 --- [11_icici_banking_app2] [restartedMain] .s.d.r.c.RepositoryConfigurationDelegate : Bootstrapping Spring Data JPA repositories in DEFAULT mode.
2024-09-03T12:16:14.285+05:30  INFO 9160 --- [11_icici_banking_app2] [restartedMain] .s.d.r.c.RepositoryConfigurationDelegate : Finished Spring Data repository scanning in 191 ms. Found 6 JPA repository interfaces.
2024-09-03T12:16:15.436+05:30  INFO 9160 --- [11_icici_banking_app2] [restartedMain] o.s.b.w.embedded.tomcat.TomcatWebServer  : Tomcat initialized with port 8080 (http)
2024-09-03T12:16:15.463+05:30  INFO 9160 --- [11_icici_banking_app2] [restartedMain] o.apache.catalina.core.StandardService   : Starting service [Tomcat]
2024-09-03T12:16:15.464+05:30  INFO 9160 --- [11_icici_banking_app2] [restartedMain] o.apache.catalina.core.StandardEngine    : Starting Servlet engine: [Apache Tomcat/10.1.28]
2024-09-03T12:16:15.548+05:30  INFO 9160 --- [11_icici_banking_app2] [restartedMain] o.a.c.c.C.[Tomcat].[localhost].[/]       : Initializing Spring embedded WebApplicationContext
2024-09-03T12:16:15.549+05:30  INFO 9160 --- [11_icici_banking_app2] [restartedMain] w.s.c.ServletWebServerApplicationContext : Root WebApplicationContext: initialization completed in 2821 ms
2024-09-03T12:16:15.780+05:30  INFO 9160 --- [11_icici_banking_app2] [restartedMain] o.hibernate.jpa.internal.util.LogHelper  : HHH000204: Processing PersistenceUnitInfo [name: default]
2024-09-03T12:16:15.876+05:30  INFO 9160 --- [11_icici_banking_app2] [restartedMain] org.hibernate.Version                    : HHH000412: Hibernate ORM core version 6.5.2.Final
2024-09-03T12:16:15.927+05:30  INFO 9160 --- [11_icici_banking_app2] [restartedMain] o.h.c.internal.RegionFactoryInitiator    : HHH000026: Second-level cache disabled
2024-09-03T12:16:16.390+05:30  INFO 9160 --- [11_icici_banking_app2] [restartedMain] o.s.o.j.p.SpringPersistenceUnitInfo      : No LoadTimeWeaver setup: ignoring JPA class transformer
2024-09-03T12:16:16.434+05:30  INFO 9160 --- [11_icici_banking_app2] [restartedMain] com.zaxxer.hikari.HikariDataSource       : HikariPool-1 - Starting...
2024-09-03T12:16:16.918+05:30  INFO 9160 --- [11_icici_banking_app2] [restartedMain] com.zaxxer.hikari.pool.HikariPool        : HikariPool-1 - Added connection com.mysql.cj.jdbc.ConnectionImpl@483dbbdc
2024-09-03T12:16:16.923+05:30  INFO 9160 --- [11_icici_banking_app2] [restartedMain] com.zaxxer.hikari.HikariDataSource       : HikariPool-1 - Start completed.
2024-09-03T12:16:18.278+05:30  INFO 9160 --- [11_icici_banking_app2] [restartedMain] o.h.e.t.j.p.i.JtaPlatformInitiator       : HHH000489: No JTA platform available (set 'hibernate.transaction.jta.platform' to enable JTA platform integration)
2024-09-03T12:16:18.391+05:30  INFO 9160 --- [11_icici_banking_app2] [restartedMain] j.LocalContainerEntityManagerFactoryBean : Initialized JPA EntityManagerFactory for persistence unit 'default'
2024-09-03T12:16:19.167+05:30  INFO 9160 --- [11_icici_banking_app2] [restartedMain] r$InitializeUserDetailsManagerConfigurer : Global AuthenticationManager configured with UserDetailsService bean with name customUserDetailService
2024-09-03T12:16:19.295+05:30  WARN 9160 --- [11_icici_banking_app2] [restartedMain] JpaBaseConfiguration$JpaWebConfiguration : spring.jpa.open-in-view is enabled by default. Therefore, database queries may be performed during view rendering. Explicitly configure spring.jpa.open-in-view to disable this warning
2024-09-03T12:16:20.159+05:30  INFO 9160 --- [11_icici_banking_app2] [restartedMain] o.s.b.d.a.OptionalLiveReloadServer       : LiveReload server is running on port 35729
2024-09-03T12:16:20.227+05:30  INFO 9160 --- [11_icici_banking_app2] [restartedMain] o.s.b.w.embedded.tomcat.TomcatWebServer  : Tomcat started on port 8080 (http) with context path '/'
2024-09-03T12:16:20.255+05:30  INFO 9160 --- [11_icici_banking_app2] [restartedMain] com.techlab.mapipngapp.Application       : Started Application in 8.321 seconds (process running for 9.2)
2024-09-03T12:16:46.037+05:30  INFO 9160 --- [11_icici_banking_app2] [http-nio-8080-exec-2] o.a.c.c.C.[Tomcat].[localhost].[/]       : Initializing Spring DispatcherServlet 'dispatcherServlet'
2024-09-03T12:16:46.037+05:30  INFO 9160 --- [11_icici_banking_app2] [http-nio-8080-exec-2] o.s.web.servlet.DispatcherServlet        : Initializing Servlet 'dispatcherServlet'
2024-09-03T12:16:46.040+05:30  INFO 9160 --- [11_icici_banking_app2] [http-nio-8080-exec-2] o.s.web.servlet.DispatcherServlet        : Completed initialization in 2 ms
2024-09-03T12:19:10.007+05:30  INFO 9160 --- [11_icici_banking_app2] [File Watcher] rtingClassPathChangeChangedEventListener : Restarting due to 1 class path change (0 additions, 0 deletions, 1 modification)
2024-09-03T12:19:10.036+05:30  INFO 9160 --- [11_icici_banking_app2] [Thread-5] j.LocalContainerEntityManagerFactoryBean : Closing JPA EntityManagerFactory for persistence unit 'default'
2024-09-03T12:19:10.043+05:30  INFO 9160 --- [11_icici_banking_app2] [Thread-5] com.zaxxer.hikari.HikariDataSource       : HikariPool-1 - Shutdown initiated...
2024-09-03T12:19:10.059+05:30  INFO 9160 --- [11_icici_banking_app2] [Thread-5] com.zaxxer.hikari.HikariDataSource       : HikariPool-1 - Shutdown completed.
2024-09-03T12:19:10.276+05:30  INFO 9160 --- [11_icici_banking_app2] [restartedMain] com.techlab.mapipngapp.Application       : Starting Application using Java 21.0.3 with PID 9160 (D:\spring_prj\11_icici_banking_app2\target\classes started by Vinayak.Garudi in D:\spring_prj\11_icici_banking_app2)
2024-09-03T12:19:10.277+05:30  INFO 9160 --- [11_icici_banking_app2] [restartedMain] com.techlab.mapipngapp.Application       : No active profile set, falling back to 1 default profile: "default"
2024-09-03T12:19:10.782+05:30  INFO 9160 --- [11_icici_banking_app2] [restartedMain] .s.d.r.c.RepositoryConfigurationDelegate : Bootstrapping Spring Data JPA repositories in DEFAULT mode.
2024-09-03T12:19:10.868+05:30  INFO 9160 --- [11_icici_banking_app2] [restartedMain] .s.d.r.c.RepositoryConfigurationDelegate : Finished Spring Data repository scanning in 85 ms. Found 6 JPA repository interfaces.
2024-09-03T12:19:11.123+05:30  INFO 9160 --- [11_icici_banking_app2] [restartedMain] o.s.b.w.embedded.tomcat.TomcatWebServer  : Tomcat initialized with port 8080 (http)
2024-09-03T12:19:11.125+05:30  INFO 9160 --- [11_icici_banking_app2] [restartedMain] o.apache.catalina.core.StandardService   : Starting service [Tomcat]
2024-09-03T12:19:11.125+05:30  INFO 9160 --- [11_icici_banking_app2] [restartedMain] o.apache.catalina.core.StandardEngine    : Starting Servlet engine: [Apache Tomcat/10.1.28]
2024-09-03T12:19:11.162+05:30  INFO 9160 --- [11_icici_banking_app2] [restartedMain] o.a.c.c.C.[Tomcat].[localhost].[/]       : Initializing Spring embedded WebApplicationContext
2024-09-03T12:19:11.162+05:30  INFO 9160 --- [11_icici_banking_app2] [restartedMain] w.s.c.ServletWebServerApplicationContext : Root WebApplicationContext: initialization completed in 879 ms
2024-09-03T12:19:11.237+05:30  INFO 9160 --- [11_icici_banking_app2] [restartedMain] o.hibernate.jpa.internal.util.LogHelper  : HHH000204: Processing PersistenceUnitInfo [name: default]
2024-09-03T12:19:11.241+05:30  INFO 9160 --- [11_icici_banking_app2] [restartedMain] o.h.c.internal.RegionFactoryInitiator    : HHH000026: Second-level cache disabled
2024-09-03T12:19:11.259+05:30  INFO 9160 --- [11_icici_banking_app2] [restartedMain] o.s.o.j.p.SpringPersistenceUnitInfo      : No LoadTimeWeaver setup: ignoring JPA class transformer
2024-09-03T12:19:11.261+05:30  INFO 9160 --- [11_icici_banking_app2] [restartedMain] com.zaxxer.hikari.HikariDataSource       : HikariPool-2 - Starting...
2024-09-03T12:19:11.317+05:30  INFO 9160 --- [11_icici_banking_app2] [restartedMain] com.zaxxer.hikari.pool.HikariPool        : HikariPool-2 - Added connection com.mysql.cj.jdbc.ConnectionImpl@51a6c4e2
2024-09-03T12:19:11.318+05:30  INFO 9160 --- [11_icici_banking_app2] [restartedMain] com.zaxxer.hikari.HikariDataSource       : HikariPool-2 - Start completed.
2024-09-03T12:19:11.574+05:30  INFO 9160 --- [11_icici_banking_app2] [restartedMain] o.h.e.t.j.p.i.JtaPlatformInitiator       : HHH000489: No JTA platform available (set 'hibernate.transaction.jta.platform' to enable JTA platform integration)
2024-09-03T12:19:11.634+05:30  INFO 9160 --- [11_icici_banking_app2] [restartedMain] j.LocalContainerEntityManagerFactoryBean : Initialized JPA EntityManagerFactory for persistence unit 'default'
2024-09-03T12:19:11.882+05:30  INFO 9160 --- [11_icici_banking_app2] [restartedMain] r$InitializeUserDetailsManagerConfigurer : Global AuthenticationManager configured with UserDetailsService bean with name customUserDetailService
2024-09-03T12:19:11.923+05:30  WARN 9160 --- [11_icici_banking_app2] [restartedMain] JpaBaseConfiguration$JpaWebConfiguration : spring.jpa.open-in-view is enabled by default. Therefore, database queries may be performed during view rendering. Explicitly configure spring.jpa.open-in-view to disable this warning
2024-09-03T12:19:12.200+05:30  INFO 9160 --- [11_icici_banking_app2] [restartedMain] o.s.b.d.a.OptionalLiveReloadServer       : LiveReload server is running on port 35729
2024-09-03T12:19:12.215+05:30  INFO 9160 --- [11_icici_banking_app2] [restartedMain] o.s.b.w.embedded.tomcat.TomcatWebServer  : Tomcat started on port 8080 (http) with context path '/'
2024-09-03T12:19:12.224+05:30  INFO 9160 --- [11_icici_banking_app2] [restartedMain] com.techlab.mapipngapp.Application       : Started Application in 2.017 seconds (process running for 181.17)
2024-09-03T12:19:12.229+05:30  INFO 9160 --- [11_icici_banking_app2] [restartedMain] .ConditionEvaluationDeltaLoggingListener : Condition evaluation unchanged
2024-09-03T12:20:04.876+05:30  INFO 9160 --- [11_icici_banking_app2] [http-nio-8080-exec-3] o.a.c.c.C.[Tomcat].[localhost].[/]       : Initializing Spring DispatcherServlet 'dispatcherServlet'
2024-09-03T12:20:04.877+05:30  INFO 9160 --- [11_icici_banking_app2] [http-nio-8080-exec-3] o.s.web.servlet.DispatcherServlet        : Initializing Servlet 'dispatcherServlet'
2024-09-03T12:20:04.878+05:30  INFO 9160 --- [11_icici_banking_app2] [http-nio-8080-exec-3] o.s.web.servlet.DispatcherServlet        : Completed initialization in 1 ms
2024-09-03T12:22:02.134+05:30  INFO 9160 --- [11_icici_banking_app2] [File Watcher] rtingClassPathChangeChangedEventListener : Restarting due to 1 class path change (0 additions, 0 deletions, 1 modification)
2024-09-03T12:22:02.154+05:30  INFO 9160 --- [11_icici_banking_app2] [Thread-7] j.LocalContainerEntityManagerFactoryBean : Closing JPA EntityManagerFactory for persistence unit 'default'
2024-09-03T12:22:02.155+05:30  INFO 9160 --- [11_icici_banking_app2] [Thread-7] com.zaxxer.hikari.HikariDataSource       : HikariPool-2 - Shutdown initiated...
2024-09-03T12:22:02.166+05:30  INFO 9160 --- [11_icici_banking_app2] [Thread-7] com.zaxxer.hikari.HikariDataSource       : HikariPool-2 - Shutdown completed.
2024-09-03T12:22:02.346+05:30  INFO 9160 --- [11_icici_banking_app2] [restartedMain] com.techlab.mapipngapp.Application       : Starting Application using Java 21.0.3 with PID 9160 (D:\spring_prj\11_icici_banking_app2\target\classes started by Vinayak.Garudi in D:\spring_prj\11_icici_banking_app2)
2024-09-03T12:22:02.346+05:30  INFO 9160 --- [11_icici_banking_app2] [restartedMain] com.techlab.mapipngapp.Application       : No active profile set, falling back to 1 default profile: "default"
2024-09-03T12:22:02.858+05:30  INFO 9160 --- [11_icici_banking_app2] [restartedMain] .s.d.r.c.RepositoryConfigurationDelegate : Bootstrapping Spring Data JPA repositories in DEFAULT mode.
2024-09-03T12:22:02.931+05:30  INFO 9160 --- [11_icici_banking_app2] [restartedMain] .s.d.r.c.RepositoryConfigurationDelegate : Finished Spring Data repository scanning in 71 ms. Found 6 JPA repository interfaces.
2024-09-03T12:22:03.075+05:30  INFO 9160 --- [11_icici_banking_app2] [restartedMain] o.s.b.w.embedded.tomcat.TomcatWebServer  : Tomcat initialized with port 8080 (http)
2024-09-03T12:22:03.079+05:30  INFO 9160 --- [11_icici_banking_app2] [restartedMain] o.apache.catalina.core.StandardService   : Starting service [Tomcat]
2024-09-03T12:22:03.082+05:30  INFO 9160 --- [11_icici_banking_app2] [restartedMain] o.apache.catalina.core.StandardEngine    : Starting Servlet engine: [Apache Tomcat/10.1.28]
2024-09-03T12:22:03.117+05:30  INFO 9160 --- [11_icici_banking_app2] [restartedMain] o.a.c.c.C.[Tomcat].[localhost].[/]       : Initializing Spring embedded WebApplicationContext
2024-09-03T12:22:03.117+05:30  INFO 9160 --- [11_icici_banking_app2] [restartedMain] w.s.c.ServletWebServerApplicationContext : Root WebApplicationContext: initialization completed in 767 ms
2024-09-03T12:22:03.175+05:30  INFO 9160 --- [11_icici_banking_app2] [restartedMain] o.hibernate.jpa.internal.util.LogHelper  : HHH000204: Processing PersistenceUnitInfo [name: default]
2024-09-03T12:22:03.178+05:30  INFO 9160 --- [11_icici_banking_app2] [restartedMain] o.h.c.internal.RegionFactoryInitiator    : HHH000026: Second-level cache disabled
2024-09-03T12:22:03.192+05:30  INFO 9160 --- [11_icici_banking_app2] [restartedMain] o.s.o.j.p.SpringPersistenceUnitInfo      : No LoadTimeWeaver setup: ignoring JPA class transformer
2024-09-03T12:22:03.193+05:30  INFO 9160 --- [11_icici_banking_app2] [restartedMain] com.zaxxer.hikari.HikariDataSource       : HikariPool-3 - Starting...
2024-09-03T12:22:03.221+05:30  INFO 9160 --- [11_icici_banking_app2] [restartedMain] com.zaxxer.hikari.pool.HikariPool        : HikariPool-3 - Added connection com.mysql.cj.jdbc.ConnectionImpl@64607acf
2024-09-03T12:22:03.223+05:30  INFO 9160 --- [11_icici_banking_app2] [restartedMain] com.zaxxer.hikari.HikariDataSource       : HikariPool-3 - Start completed.
2024-09-03T12:22:03.405+05:30  INFO 9160 --- [11_icici_banking_app2] [restartedMain] o.h.e.t.j.p.i.JtaPlatformInitiator       : HHH000489: No JTA platform available (set 'hibernate.transaction.jta.platform' to enable JTA platform integration)
2024-09-03T12:22:03.468+05:30  INFO 9160 --- [11_icici_banking_app2] [restartedMain] j.LocalContainerEntityManagerFactoryBean : Initialized JPA EntityManagerFactory for persistence unit 'default'
2024-09-03T12:22:03.692+05:30  INFO 9160 --- [11_icici_banking_app2] [restartedMain] r$InitializeUserDetailsManagerConfigurer : Global AuthenticationManager configured with UserDetailsService bean with name customUserDetailService
2024-09-03T12:22:03.740+05:30  WARN 9160 --- [11_icici_banking_app2] [restartedMain] JpaBaseConfiguration$JpaWebConfiguration : spring.jpa.open-in-view is enabled by default. Therefore, database queries may be performed during view rendering. Explicitly configure spring.jpa.open-in-view to disable this warning
2024-09-03T12:22:04.005+05:30  INFO 9160 --- [11_icici_banking_app2] [restartedMain] o.s.b.d.a.OptionalLiveReloadServer       : LiveReload server is running on port 35729
2024-09-03T12:22:04.019+05:30  INFO 9160 --- [11_icici_banking_app2] [restartedMain] o.s.b.w.embedded.tomcat.TomcatWebServer  : Tomcat started on port 8080 (http) with context path '/'
2024-09-03T12:22:04.026+05:30  INFO 9160 --- [11_icici_banking_app2] [restartedMain] com.techlab.mapipngapp.Application       : Started Application in 1.728 seconds (process running for 352.971)
2024-09-03T12:22:04.028+05:30  INFO 9160 --- [11_icici_banking_app2] [restartedMain] .ConditionEvaluationDeltaLoggingListener : Condition evaluation unchanged
2024-09-03T12:41:45.881+05:30  INFO 9160 --- [11_icici_banking_app2] [File Watcher] rtingClassPathChangeChangedEventListener : Restarting due to 1 class path change (0 additions, 0 deletions, 1 modification)
2024-09-03T12:41:45.900+05:30  INFO 9160 --- [11_icici_banking_app2] [Thread-11] j.LocalContainerEntityManagerFactoryBean : Closing JPA EntityManagerFactory for persistence unit 'default'
2024-09-03T12:41:45.901+05:30  INFO 9160 --- [11_icici_banking_app2] [Thread-11] com.zaxxer.hikari.HikariDataSource       : HikariPool-3 - Shutdown initiated...
2024-09-03T12:41:45.913+05:30  INFO 9160 --- [11_icici_banking_app2] [Thread-11] com.zaxxer.hikari.HikariDataSource       : HikariPool-3 - Shutdown completed.
2024-09-03T12:41:46.035+05:30  INFO 9160 --- [11_icici_banking_app2] [restartedMain] com.techlab.mapipngapp.Application       : Starting Application using Java 21.0.3 with PID 9160 (D:\spring_prj\11_icici_banking_app2\target\classes started by Vinayak.Garudi in D:\spring_prj\11_icici_banking_app2)
2024-09-03T12:41:46.036+05:30  INFO 9160 --- [11_icici_banking_app2] [restartedMain] com.techlab.mapipngapp.Application       : No active profile set, falling back to 1 default profile: "default"
2024-09-03T12:41:46.296+05:30  INFO 9160 --- [11_icici_banking_app2] [restartedMain] .s.d.r.c.RepositoryConfigurationDelegate : Bootstrapping Spring Data JPA repositories in DEFAULT mode.
2024-09-03T12:41:46.348+05:30  INFO 9160 --- [11_icici_banking_app2] [restartedMain] .s.d.r.c.RepositoryConfigurationDelegate : Finished Spring Data repository scanning in 52 ms. Found 6 JPA repository interfaces.
2024-09-03T12:41:46.451+05:30  INFO 9160 --- [11_icici_banking_app2] [restartedMain] o.s.b.w.embedded.tomcat.TomcatWebServer  : Tomcat initialized with port 8080 (http)
2024-09-03T12:41:46.452+05:30  INFO 9160 --- [11_icici_banking_app2] [restartedMain] o.apache.catalina.core.StandardService   : Starting service [Tomcat]
2024-09-03T12:41:46.452+05:30  INFO 9160 --- [11_icici_banking_app2] [restartedMain] o.apache.catalina.core.StandardEngine    : Starting Servlet engine: [Apache Tomcat/10.1.28]
2024-09-03T12:41:46.481+05:30  INFO 9160 --- [11_icici_banking_app2] [restartedMain] o.a.c.c.C.[Tomcat].[localhost].[/]       : Initializing Spring embedded WebApplicationContext
2024-09-03T12:41:46.481+05:30  INFO 9160 --- [11_icici_banking_app2] [restartedMain] w.s.c.ServletWebServerApplicationContext : Root WebApplicationContext: initialization completed in 440 ms
2024-09-03T12:41:46.539+05:30  INFO 9160 --- [11_icici_banking_app2] [restartedMain] o.hibernate.jpa.internal.util.LogHelper  : HHH000204: Processing PersistenceUnitInfo [name: default]
2024-09-03T12:41:46.543+05:30  INFO 9160 --- [11_icici_banking_app2] [restartedMain] o.h.c.internal.RegionFactoryInitiator    : HHH000026: Second-level cache disabled
2024-09-03T12:41:46.553+05:30  INFO 9160 --- [11_icici_banking_app2] [restartedMain] o.s.o.j.p.SpringPersistenceUnitInfo      : No LoadTimeWeaver setup: ignoring JPA class transformer
2024-09-03T12:41:46.555+05:30  INFO 9160 --- [11_icici_banking_app2] [restartedMain] com.zaxxer.hikari.HikariDataSource       : HikariPool-4 - Starting...
2024-09-03T12:41:46.579+05:30  INFO 9160 --- [11_icici_banking_app2] [restartedMain] com.zaxxer.hikari.pool.HikariPool        : HikariPool-4 - Added connection com.mysql.cj.jdbc.ConnectionImpl@1e915472
2024-09-03T12:41:46.580+05:30  INFO 9160 --- [11_icici_banking_app2] [restartedMain] com.zaxxer.hikari.HikariDataSource       : HikariPool-4 - Start completed.
2024-09-03T12:41:46.742+05:30  INFO 9160 --- [11_icici_banking_app2] [restartedMain] o.h.e.t.j.p.i.JtaPlatformInitiator       : HHH000489: No JTA platform available (set 'hibernate.transaction.jta.platform' to enable JTA platform integration)
2024-09-03T12:41:46.796+05:30  INFO 9160 --- [11_icici_banking_app2] [restartedMain] j.LocalContainerEntityManagerFactoryBean : Initialized JPA EntityManagerFactory for persistence unit 'default'
2024-09-03T12:41:47.027+05:30  INFO 9160 --- [11_icici_banking_app2] [restartedMain] r$InitializeUserDetailsManagerConfigurer : Global AuthenticationManager configured with UserDetailsService bean with name customUserDetailService
2024-09-03T12:41:47.074+05:30  WARN 9160 --- [11_icici_banking_app2] [restartedMain] JpaBaseConfiguration$JpaWebConfiguration : spring.jpa.open-in-view is enabled by default. Therefore, database queries may be performed during view rendering. Explicitly configure spring.jpa.open-in-view to disable this warning
2024-09-03T12:41:47.257+05:30  INFO 9160 --- [11_icici_banking_app2] [restartedMain] o.s.b.d.a.OptionalLiveReloadServer       : LiveReload server is running on port 35729
2024-09-03T12:41:47.267+05:30  INFO 9160 --- [11_icici_banking_app2] [restartedMain] o.s.b.w.embedded.tomcat.TomcatWebServer  : Tomcat started on port 8080 (http) with context path '/'
2024-09-03T12:41:47.271+05:30  INFO 9160 --- [11_icici_banking_app2] [restartedMain] com.techlab.mapipngapp.Application       : Started Application in 1.273 seconds (process running for 1536.216)
2024-09-03T12:41:47.272+05:30  INFO 9160 --- [11_icici_banking_app2] [restartedMain] .ConditionEvaluationDeltaLoggingListener : Condition evaluation unchanged
2024-09-03T12:43:01.322+05:30  INFO 9160 --- [11_icici_banking_app2] [File Watcher] rtingClassPathChangeChangedEventListener : Restarting due to 1 class path change (0 additions, 0 deletions, 1 modification)
2024-09-03T12:43:01.337+05:30  INFO 9160 --- [11_icici_banking_app2] [Thread-15] j.LocalContainerEntityManagerFactoryBean : Closing JPA EntityManagerFactory for persistence unit 'default'
2024-09-03T12:43:01.339+05:30  INFO 9160 --- [11_icici_banking_app2] [Thread-15] com.zaxxer.hikari.HikariDataSource       : HikariPool-4 - Shutdown initiated...
2024-09-03T12:43:01.349+05:30  INFO 9160 --- [11_icici_banking_app2] [Thread-15] com.zaxxer.hikari.HikariDataSource       : HikariPool-4 - Shutdown completed.
2024-09-03T12:43:01.428+05:30  INFO 9160 --- [11_icici_banking_app2] [restartedMain] com.techlab.mapipngapp.Application       : Starting Application using Java 21.0.3 with PID 9160 (D:\spring_prj\11_icici_banking_app2\target\classes started by Vinayak.Garudi in D:\spring_prj\11_icici_banking_app2)
2024-09-03T12:43:01.428+05:30  INFO 9160 --- [11_icici_banking_app2] [restartedMain] com.techlab.mapipngapp.Application       : No active profile set, falling back to 1 default profile: "default"
2024-09-03T12:43:01.797+05:30  INFO 9160 --- [11_icici_banking_app2] [restartedMain] .s.d.r.c.RepositoryConfigurationDelegate : Bootstrapping Spring Data JPA repositories in DEFAULT mode.
2024-09-03T12:43:01.854+05:30  INFO 9160 --- [11_icici_banking_app2] [restartedMain] .s.d.r.c.RepositoryConfigurationDelegate : Finished Spring Data repository scanning in 56 ms. Found 6 JPA repository interfaces.
2024-09-03T12:43:01.982+05:30  INFO 9160 --- [11_icici_banking_app2] [restartedMain] o.s.b.w.embedded.tomcat.TomcatWebServer  : Tomcat initialized with port 8080 (http)
2024-09-03T12:43:01.984+05:30  INFO 9160 --- [11_icici_banking_app2] [restartedMain] o.apache.catalina.core.StandardService   : Starting service [Tomcat]
2024-09-03T12:43:01.984+05:30  INFO 9160 --- [11_icici_banking_app2] [restartedMain] o.apache.catalina.core.StandardEngine    : Starting Servlet engine: [Apache Tomcat/10.1.28]
2024-09-03T12:43:02.015+05:30  INFO 9160 --- [11_icici_banking_app2] [restartedMain] o.a.c.c.C.[Tomcat].[localhost].[/]       : Initializing Spring embedded WebApplicationContext
2024-09-03T12:43:02.015+05:30  INFO 9160 --- [11_icici_banking_app2] [restartedMain] w.s.c.ServletWebServerApplicationContext : Root WebApplicationContext: initialization completed in 585 ms
2024-09-03T12:43:02.072+05:30  INFO 9160 --- [11_icici_banking_app2] [restartedMain] o.hibernate.jpa.internal.util.LogHelper  : HHH000204: Processing PersistenceUnitInfo [name: default]
2024-09-03T12:43:02.074+05:30  INFO 9160 --- [11_icici_banking_app2] [restartedMain] o.h.c.internal.RegionFactoryInitiator    : HHH000026: Second-level cache disabled
2024-09-03T12:43:02.086+05:30  INFO 9160 --- [11_icici_banking_app2] [restartedMain] o.s.o.j.p.SpringPersistenceUnitInfo      : No LoadTimeWeaver setup: ignoring JPA class transformer
2024-09-03T12:43:02.087+05:30  INFO 9160 --- [11_icici_banking_app2] [restartedMain] com.zaxxer.hikari.HikariDataSource       : HikariPool-5 - Starting...
2024-09-03T12:43:02.108+05:30  INFO 9160 --- [11_icici_banking_app2] [restartedMain] com.zaxxer.hikari.pool.HikariPool        : HikariPool-5 - Added connection com.mysql.cj.jdbc.ConnectionImpl@4164fe00
2024-09-03T12:43:02.109+05:30  INFO 9160 --- [11_icici_banking_app2] [restartedMain] com.zaxxer.hikari.HikariDataSource       : HikariPool-5 - Start completed.
2024-09-03T12:43:02.269+05:30  INFO 9160 --- [11_icici_banking_app2] [restartedMain] o.h.e.t.j.p.i.JtaPlatformInitiator       : HHH000489: No JTA platform available (set 'hibernate.transaction.jta.platform' to enable JTA platform integration)
2024-09-03T12:43:02.328+05:30  INFO 9160 --- [11_icici_banking_app2] [restartedMain] j.LocalContainerEntityManagerFactoryBean : Initialized JPA EntityManagerFactory for persistence unit 'default'
2024-09-03T12:43:02.525+05:30  INFO 9160 --- [11_icici_banking_app2] [restartedMain] r$InitializeUserDetailsManagerConfigurer : Global AuthenticationManager configured with UserDetailsService bean with name customUserDetailService
2024-09-03T12:43:02.556+05:30  WARN 9160 --- [11_icici_banking_app2] [restartedMain] JpaBaseConfiguration$JpaWebConfiguration : spring.jpa.open-in-view is enabled by default. Therefore, database queries may be performed during view rendering. Explicitly configure spring.jpa.open-in-view to disable this warning
2024-09-03T12:43:02.831+05:30  INFO 9160 --- [11_icici_banking_app2] [restartedMain] o.s.b.d.a.OptionalLiveReloadServer       : LiveReload server is running on port 35729
2024-09-03T12:43:02.844+05:30  INFO 9160 --- [11_icici_banking_app2] [restartedMain] o.s.b.w.embedded.tomcat.TomcatWebServer  : Tomcat started on port 8080 (http) with context path '/'
2024-09-03T12:43:02.848+05:30  INFO 9160 --- [11_icici_banking_app2] [restartedMain] com.techlab.mapipngapp.Application       : Started Application in 1.445 seconds (process running for 1611.793)
2024-09-03T12:43:02.850+05:30  INFO 9160 --- [11_icici_banking_app2] [restartedMain] .ConditionEvaluationDeltaLoggingListener : Condition evaluation unchanged
2024-09-03T12:44:29.994+05:30  INFO 9160 --- [11_icici_banking_app2] [File Watcher] rtingClassPathChangeChangedEventListener : Restarting due to 1 class path change (0 additions, 0 deletions, 1 modification)
2024-09-03T12:44:30.008+05:30  INFO 9160 --- [11_icici_banking_app2] [Thread-19] j.LocalContainerEntityManagerFactoryBean : Closing JPA EntityManagerFactory for persistence unit 'default'
2024-09-03T12:44:30.009+05:30  INFO 9160 --- [11_icici_banking_app2] [Thread-19] com.zaxxer.hikari.HikariDataSource       : HikariPool-5 - Shutdown initiated...
2024-09-03T12:44:30.016+05:30  INFO 9160 --- [11_icici_banking_app2] [Thread-19] com.zaxxer.hikari.HikariDataSource       : HikariPool-5 - Shutdown completed.
2024-09-03T12:44:30.129+05:30  INFO 9160 --- [11_icici_banking_app2] [restartedMain] com.techlab.mapipngapp.Application       : Starting Application using Java 21.0.3 with PID 9160 (D:\spring_prj\11_icici_banking_app2\target\classes started by Vinayak.Garudi in D:\spring_prj\11_icici_banking_app2)
2024-09-03T12:44:30.130+05:30  INFO 9160 --- [11_icici_banking_app2] [restartedMain] com.techlab.mapipngapp.Application       : No active profile set, falling back to 1 default profile: "default"
2024-09-03T12:44:30.507+05:30  INFO 9160 --- [11_icici_banking_app2] [restartedMain] .s.d.r.c.RepositoryConfigurationDelegate : Bootstrapping Spring Data JPA repositories in DEFAULT mode.
2024-09-03T12:44:30.582+05:30  INFO 9160 --- [11_icici_banking_app2] [restartedMain] .s.d.r.c.RepositoryConfigurationDelegate : Finished Spring Data repository scanning in 65 ms. Found 6 JPA repository interfaces.
2024-09-03T12:44:30.676+05:30  INFO 9160 --- [11_icici_banking_app2] [restartedMain] o.s.b.w.embedded.tomcat.TomcatWebServer  : Tomcat initialized with port 8080 (http)
2024-09-03T12:44:30.677+05:30  INFO 9160 --- [11_icici_banking_app2] [restartedMain] o.apache.catalina.core.StandardService   : Starting service [Tomcat]
2024-09-03T12:44:30.677+05:30  INFO 9160 --- [11_icici_banking_app2] [restartedMain] o.apache.catalina.core.StandardEngine    : Starting Servlet engine: [Apache Tomcat/10.1.28]
2024-09-03T12:44:30.699+05:30  INFO 9160 --- [11_icici_banking_app2] [restartedMain] o.a.c.c.C.[Tomcat].[localhost].[/]       : Initializing Spring embedded WebApplicationContext
2024-09-03T12:44:30.699+05:30  INFO 9160 --- [11_icici_banking_app2] [restartedMain] w.s.c.ServletWebServerApplicationContext : Root WebApplicationContext: initialization completed in 567 ms
2024-09-03T12:44:30.735+05:30  INFO 9160 --- [11_icici_banking_app2] [restartedMain] o.hibernate.jpa.internal.util.LogHelper  : HHH000204: Processing PersistenceUnitInfo [name: default]
2024-09-03T12:44:30.737+05:30  INFO 9160 --- [11_icici_banking_app2] [restartedMain] o.h.c.internal.RegionFactoryInitiator    : HHH000026: Second-level cache disabled
2024-09-03T12:44:30.746+05:30  INFO 9160 --- [11_icici_banking_app2] [restartedMain] o.s.o.j.p.SpringPersistenceUnitInfo      : No LoadTimeWeaver setup: ignoring JPA class transformer
2024-09-03T12:44:30.747+05:30  INFO 9160 --- [11_icici_banking_app2] [restartedMain] com.zaxxer.hikari.HikariDataSource       : HikariPool-6 - Starting...
2024-09-03T12:44:30.766+05:30  INFO 9160 --- [11_icici_banking_app2] [restartedMain] com.zaxxer.hikari.pool.HikariPool        : HikariPool-6 - Added connection com.mysql.cj.jdbc.ConnectionImpl@469c5c5d
2024-09-03T12:44:30.766+05:30  INFO 9160 --- [11_icici_banking_app2] [restartedMain] com.zaxxer.hikari.HikariDataSource       : HikariPool-6 - Start completed.
2024-09-03T12:44:30.912+05:30  INFO 9160 --- [11_icici_banking_app2] [restartedMain] o.h.e.t.j.p.i.JtaPlatformInitiator       : HHH000489: No JTA platform available (set 'hibernate.transaction.jta.platform' to enable JTA platform integration)
2024-09-03T12:44:30.960+05:30  INFO 9160 --- [11_icici_banking_app2] [restartedMain] j.LocalContainerEntityManagerFactoryBean : Initialized JPA EntityManagerFactory for persistence unit 'default'
2024-09-03T12:44:31.191+05:30  INFO 9160 --- [11_icici_banking_app2] [restartedMain] r$InitializeUserDetailsManagerConfigurer : Global AuthenticationManager configured with UserDetailsService bean with name customUserDetailService
2024-09-03T12:44:31.215+05:30  WARN 9160 --- [11_icici_banking_app2] [restartedMain] JpaBaseConfiguration$JpaWebConfiguration : spring.jpa.open-in-view is enabled by default. Therefore, database queries may be performed during view rendering. Explicitly configure spring.jpa.open-in-view to disable this warning
2024-09-03T12:44:31.362+05:30  INFO 9160 --- [11_icici_banking_app2] [restartedMain] o.s.b.d.a.OptionalLiveReloadServer       : LiveReload server is running on port 35729
2024-09-03T12:44:31.375+05:30  INFO 9160 --- [11_icici_banking_app2] [restartedMain] o.s.b.w.embedded.tomcat.TomcatWebServer  : Tomcat started on port 8080 (http) with context path '/'
2024-09-03T12:44:31.380+05:30  INFO 9160 --- [11_icici_banking_app2] [restartedMain] com.techlab.mapipngapp.Application       : Started Application in 1.286 seconds (process running for 1700.326)
2024-09-03T12:44:31.382+05:30  INFO 9160 --- [11_icici_banking_app2] [restartedMain] .ConditionEvaluationDeltaLoggingListener : Condition evaluation unchanged
2024-09-03T12:46:39.564+05:30  INFO 9160 --- [11_icici_banking_app2] [File Watcher] rtingClassPathChangeChangedEventListener : Restarting due to 1 class path change (0 additions, 0 deletions, 1 modification)
2024-09-03T12:46:39.582+05:30  INFO 9160 --- [11_icici_banking_app2] [Thread-23] j.LocalContainerEntityManagerFactoryBean : Closing JPA EntityManagerFactory for persistence unit 'default'
2024-09-03T12:46:39.583+05:30  INFO 9160 --- [11_icici_banking_app2] [Thread-23] com.zaxxer.hikari.HikariDataSource       : HikariPool-6 - Shutdown initiated...
2024-09-03T12:46:39.592+05:30  INFO 9160 --- [11_icici_banking_app2] [Thread-23] com.zaxxer.hikari.HikariDataSource       : HikariPool-6 - Shutdown completed.
2024-09-03T12:46:39.727+05:30  INFO 9160 --- [11_icici_banking_app2] [restartedMain] com.techlab.mapipngapp.Application       : Starting Application using Java 21.0.3 with PID 9160 (D:\spring_prj\11_icici_banking_app2\target\classes started by Vinayak.Garudi in D:\spring_prj\11_icici_banking_app2)
2024-09-03T12:46:39.728+05:30  INFO 9160 --- [11_icici_banking_app2] [restartedMain] com.techlab.mapipngapp.Application       : No active profile set, falling back to 1 default profile: "default"
2024-09-03T12:46:40.001+05:30  INFO 9160 --- [11_icici_banking_app2] [restartedMain] .s.d.r.c.RepositoryConfigurationDelegate : Bootstrapping Spring Data JPA repositories in DEFAULT mode.
2024-09-03T12:46:40.046+05:30  INFO 9160 --- [11_icici_banking_app2] [restartedMain] .s.d.r.c.RepositoryConfigurationDelegate : Finished Spring Data repository scanning in 44 ms. Found 6 JPA repository interfaces.
2024-09-03T12:46:40.143+05:30  INFO 9160 --- [11_icici_banking_app2] [restartedMain] o.s.b.w.embedded.tomcat.TomcatWebServer  : Tomcat initialized with port 8080 (http)
2024-09-03T12:46:40.144+05:30  INFO 9160 --- [11_icici_banking_app2] [restartedMain] o.apache.catalina.core.StandardService   : Starting service [Tomcat]
2024-09-03T12:46:40.144+05:30  INFO 9160 --- [11_icici_banking_app2] [restartedMain] o.apache.catalina.core.StandardEngine    : Starting Servlet engine: [Apache Tomcat/10.1.28]
2024-09-03T12:46:40.167+05:30  INFO 9160 --- [11_icici_banking_app2] [restartedMain] o.a.c.c.C.[Tomcat].[localhost].[/]       : Initializing Spring embedded WebApplicationContext
2024-09-03T12:46:40.167+05:30  INFO 9160 --- [11_icici_banking_app2] [restartedMain] w.s.c.ServletWebServerApplicationContext : Root WebApplicationContext: initialization completed in 436 ms
2024-09-03T12:46:40.212+05:30  INFO 9160 --- [11_icici_banking_app2] [restartedMain] o.hibernate.jpa.internal.util.LogHelper  : HHH000204: Processing PersistenceUnitInfo [name: default]
2024-09-03T12:46:40.214+05:30  INFO 9160 --- [11_icici_banking_app2] [restartedMain] o.h.c.internal.RegionFactoryInitiator    : HHH000026: Second-level cache disabled
2024-09-03T12:46:40.220+05:30  INFO 9160 --- [11_icici_banking_app2] [restartedMain] o.s.o.j.p.SpringPersistenceUnitInfo      : No LoadTimeWeaver setup: ignoring JPA class transformer
2024-09-03T12:46:40.221+05:30  INFO 9160 --- [11_icici_banking_app2] [restartedMain] com.zaxxer.hikari.HikariDataSource       : HikariPool-7 - Starting...
2024-09-03T12:46:40.240+05:30  INFO 9160 --- [11_icici_banking_app2] [restartedMain] com.zaxxer.hikari.pool.HikariPool        : HikariPool-7 - Added connection com.mysql.cj.jdbc.ConnectionImpl@6cd6e1ef
2024-09-03T12:46:40.241+05:30  INFO 9160 --- [11_icici_banking_app2] [restartedMain] com.zaxxer.hikari.HikariDataSource       : HikariPool-7 - Start completed.
2024-09-03T12:46:40.359+05:30  INFO 9160 --- [11_icici_banking_app2] [restartedMain] o.h.e.t.j.p.i.JtaPlatformInitiator       : HHH000489: No JTA platform available (set 'hibernate.transaction.jta.platform' to enable JTA platform integration)
2024-09-03T12:46:40.399+05:30  INFO 9160 --- [11_icici_banking_app2] [restartedMain] j.LocalContainerEntityManagerFactoryBean : Initialized JPA EntityManagerFactory for persistence unit 'default'
2024-09-03T12:46:40.625+05:30  INFO 9160 --- [11_icici_banking_app2] [restartedMain] r$InitializeUserDetailsManagerConfigurer : Global AuthenticationManager configured with UserDetailsService bean with name customUserDetailService
2024-09-03T12:46:40.662+05:30  WARN 9160 --- [11_icici_banking_app2] [restartedMain] JpaBaseConfiguration$JpaWebConfiguration : spring.jpa.open-in-view is enabled by default. Therefore, database queries may be performed during view rendering. Explicitly configure spring.jpa.open-in-view to disable this warning
2024-09-03T12:46:40.848+05:30  INFO 9160 --- [11_icici_banking_app2] [restartedMain] o.s.b.d.a.OptionalLiveReloadServer       : LiveReload server is running on port 35729
2024-09-03T12:46:40.861+05:30  INFO 9160 --- [11_icici_banking_app2] [restartedMain] o.s.b.w.embedded.tomcat.TomcatWebServer  : Tomcat started on port 8080 (http) with context path '/'
2024-09-03T12:46:40.863+05:30  INFO 9160 --- [11_icici_banking_app2] [restartedMain] com.techlab.mapipngapp.Application       : Started Application in 1.167 seconds (process running for 1829.809)
2024-09-03T12:46:40.865+05:30  INFO 9160 --- [11_icici_banking_app2] [restartedMain] .ConditionEvaluationDeltaLoggingListener : Condition evaluation unchanged
2024-09-03T12:46:50.568+05:30  INFO 9160 --- [11_icici_banking_app2] [File Watcher] rtingClassPathChangeChangedEventListener : Restarting due to 1 class path change (0 additions, 0 deletions, 1 modification)
2024-09-03T12:46:50.587+05:30  INFO 9160 --- [11_icici_banking_app2] [Thread-27] j.LocalContainerEntityManagerFactoryBean : Closing JPA EntityManagerFactory for persistence unit 'default'
2024-09-03T12:46:50.587+05:30  INFO 9160 --- [11_icici_banking_app2] [Thread-27] com.zaxxer.hikari.HikariDataSource       : HikariPool-7 - Shutdown initiated...
2024-09-03T12:46:50.601+05:30  INFO 9160 --- [11_icici_banking_app2] [Thread-27] com.zaxxer.hikari.HikariDataSource       : HikariPool-7 - Shutdown completed.
2024-09-03T12:46:50.752+05:30  INFO 9160 --- [11_icici_banking_app2] [restartedMain] com.techlab.mapipngapp.Application       : Starting Application using Java 21.0.3 with PID 9160 (D:\spring_prj\11_icici_banking_app2\target\classes started by Vinayak.Garudi in D:\spring_prj\11_icici_banking_app2)
2024-09-03T12:46:50.752+05:30  INFO 9160 --- [11_icici_banking_app2] [restartedMain] com.techlab.mapipngapp.Application       : No active profile set, falling back to 1 default profile: "default"
2024-09-03T12:46:51.033+05:30  INFO 9160 --- [11_icici_banking_app2] [restartedMain] .s.d.r.c.RepositoryConfigurationDelegate : Bootstrapping Spring Data JPA repositories in DEFAULT mode.
2024-09-03T12:46:51.071+05:30  INFO 9160 --- [11_icici_banking_app2] [restartedMain] .s.d.r.c.RepositoryConfigurationDelegate : Finished Spring Data repository scanning in 37 ms. Found 6 JPA repository interfaces.
2024-09-03T12:46:51.161+05:30  INFO 9160 --- [11_icici_banking_app2] [restartedMain] o.s.b.w.embedded.tomcat.TomcatWebServer  : Tomcat initialized with port 8080 (http)
2024-09-03T12:46:51.162+05:30  INFO 9160 --- [11_icici_banking_app2] [restartedMain] o.apache.catalina.core.StandardService   : Starting service [Tomcat]
2024-09-03T12:46:51.162+05:30  INFO 9160 --- [11_icici_banking_app2] [restartedMain] o.apache.catalina.core.StandardEngine    : Starting Servlet engine: [Apache Tomcat/10.1.28]
2024-09-03T12:46:51.181+05:30  INFO 9160 --- [11_icici_banking_app2] [restartedMain] o.a.c.c.C.[Tomcat].[localhost].[/]       : Initializing Spring embedded WebApplicationContext
2024-09-03T12:46:51.181+05:30  INFO 9160 --- [11_icici_banking_app2] [restartedMain] w.s.c.ServletWebServerApplicationContext : Root WebApplicationContext: initialization completed in 427 ms
2024-09-03T12:46:51.212+05:30  INFO 9160 --- [11_icici_banking_app2] [restartedMain] o.hibernate.jpa.internal.util.LogHelper  : HHH000204: Processing PersistenceUnitInfo [name: default]
2024-09-03T12:46:51.214+05:30  INFO 9160 --- [11_icici_banking_app2] [restartedMain] o.h.c.internal.RegionFactoryInitiator    : HHH000026: Second-level cache disabled
2024-09-03T12:46:51.221+05:30  INFO 9160 --- [11_icici_banking_app2] [restartedMain] o.s.o.j.p.SpringPersistenceUnitInfo      : No LoadTimeWeaver setup: ignoring JPA class transformer
2024-09-03T12:46:51.221+05:30  INFO 9160 --- [11_icici_banking_app2] [restartedMain] com.zaxxer.hikari.HikariDataSource       : HikariPool-8 - Starting...
2024-09-03T12:46:51.238+05:30  INFO 9160 --- [11_icici_banking_app2] [restartedMain] com.zaxxer.hikari.pool.HikariPool        : HikariPool-8 - Added connection com.mysql.cj.jdbc.ConnectionImpl@5491fe64
2024-09-03T12:46:51.239+05:30  INFO 9160 --- [11_icici_banking_app2] [restartedMain] com.zaxxer.hikari.HikariDataSource       : HikariPool-8 - Start completed.
2024-09-03T12:46:51.350+05:30  INFO 9160 --- [11_icici_banking_app2] [restartedMain] o.h.e.t.j.p.i.JtaPlatformInitiator       : HHH000489: No JTA platform available (set 'hibernate.transaction.jta.platform' to enable JTA platform integration)
2024-09-03T12:46:51.409+05:30  INFO 9160 --- [11_icici_banking_app2] [restartedMain] j.LocalContainerEntityManagerFactoryBean : Initialized JPA EntityManagerFactory for persistence unit 'default'
2024-09-03T12:46:51.662+05:30  INFO 9160 --- [11_icici_banking_app2] [restartedMain] r$InitializeUserDetailsManagerConfigurer : Global AuthenticationManager configured with UserDetailsService bean with name customUserDetailService
2024-09-03T12:46:51.704+05:30  WARN 9160 --- [11_icici_banking_app2] [restartedMain] JpaBaseConfiguration$JpaWebConfiguration : spring.jpa.open-in-view is enabled by default. Therefore, database queries may be performed during view rendering. Explicitly configure spring.jpa.open-in-view to disable this warning
2024-09-03T12:46:51.906+05:30  INFO 9160 --- [11_icici_banking_app2] [restartedMain] o.s.b.d.a.OptionalLiveReloadServer       : LiveReload server is running on port 35729
2024-09-03T12:46:51.917+05:30  INFO 9160 --- [11_icici_banking_app2] [restartedMain] o.s.b.w.embedded.tomcat.TomcatWebServer  : Tomcat started on port 8080 (http) with context path '/'
2024-09-03T12:46:51.920+05:30  INFO 9160 --- [11_icici_banking_app2] [restartedMain] com.techlab.mapipngapp.Application       : Started Application in 1.211 seconds (process running for 1840.865)
2024-09-03T12:46:51.921+05:30  INFO 9160 --- [11_icici_banking_app2] [restartedMain] .ConditionEvaluationDeltaLoggingListener : Condition evaluation unchanged
2024-09-03T12:49:31.003+05:30  INFO 9160 --- [11_icici_banking_app2] [File Watcher] rtingClassPathChangeChangedEventListener : Restarting due to 1 class path change (0 additions, 0 deletions, 1 modification)
2024-09-03T12:49:31.020+05:30  INFO 9160 --- [11_icici_banking_app2] [Thread-31] j.LocalContainerEntityManagerFactoryBean : Closing JPA EntityManagerFactory for persistence unit 'default'
2024-09-03T12:49:31.021+05:30  INFO 9160 --- [11_icici_banking_app2] [Thread-31] com.zaxxer.hikari.HikariDataSource       : HikariPool-8 - Shutdown initiated...
2024-09-03T12:49:31.033+05:30  INFO 9160 --- [11_icici_banking_app2] [Thread-31] com.zaxxer.hikari.HikariDataSource       : HikariPool-8 - Shutdown completed.
2024-09-03T12:49:31.181+05:30  INFO 9160 --- [11_icici_banking_app2] [restartedMain] com.techlab.mapipngapp.Application       : Starting Application using Java 21.0.3 with PID 9160 (D:\spring_prj\11_icici_banking_app2\target\classes started by Vinayak.Garudi in D:\spring_prj\11_icici_banking_app2)
2024-09-03T12:49:31.182+05:30  INFO 9160 --- [11_icici_banking_app2] [restartedMain] com.techlab.mapipngapp.Application       : No active profile set, falling back to 1 default profile: "default"
2024-09-03T12:49:31.475+05:30  INFO 9160 --- [11_icici_banking_app2] [restartedMain] .s.d.r.c.RepositoryConfigurationDelegate : Bootstrapping Spring Data JPA repositories in DEFAULT mode.
2024-09-03T12:49:31.521+05:30  INFO 9160 --- [11_icici_banking_app2] [restartedMain] .s.d.r.c.RepositoryConfigurationDelegate : Finished Spring Data repository scanning in 45 ms. Found 6 JPA repository interfaces.
2024-09-03T12:49:31.607+05:30  INFO 9160 --- [11_icici_banking_app2] [restartedMain] o.s.b.w.embedded.tomcat.TomcatWebServer  : Tomcat initialized with port 8080 (http)
2024-09-03T12:49:31.609+05:30  INFO 9160 --- [11_icici_banking_app2] [restartedMain] o.apache.catalina.core.StandardService   : Starting service [Tomcat]
2024-09-03T12:49:31.609+05:30  INFO 9160 --- [11_icici_banking_app2] [restartedMain] o.apache.catalina.core.StandardEngine    : Starting Servlet engine: [Apache Tomcat/10.1.28]
2024-09-03T12:49:31.637+05:30  INFO 9160 --- [11_icici_banking_app2] [restartedMain] o.a.c.c.C.[Tomcat].[localhost].[/]       : Initializing Spring embedded WebApplicationContext
2024-09-03T12:49:31.637+05:30  INFO 9160 --- [11_icici_banking_app2] [restartedMain] w.s.c.ServletWebServerApplicationContext : Root WebApplicationContext: initialization completed in 453 ms
2024-09-03T12:49:31.680+05:30  INFO 9160 --- [11_icici_banking_app2] [restartedMain] o.hibernate.jpa.internal.util.LogHelper  : HHH000204: Processing PersistenceUnitInfo [name: default]
2024-09-03T12:49:31.682+05:30  INFO 9160 --- [11_icici_banking_app2] [restartedMain] o.h.c.internal.RegionFactoryInitiator    : HHH000026: Second-level cache disabled
2024-09-03T12:49:31.690+05:30  INFO 9160 --- [11_icici_banking_app2] [restartedMain] o.s.o.j.p.SpringPersistenceUnitInfo      : No LoadTimeWeaver setup: ignoring JPA class transformer
2024-09-03T12:49:31.691+05:30  INFO 9160 --- [11_icici_banking_app2] [restartedMain] com.zaxxer.hikari.HikariDataSource       : HikariPool-9 - Starting...
2024-09-03T12:49:31.708+05:30  INFO 9160 --- [11_icici_banking_app2] [restartedMain] com.zaxxer.hikari.pool.HikariPool        : HikariPool-9 - Added connection com.mysql.cj.jdbc.ConnectionImpl@78462570
2024-09-03T12:49:31.709+05:30  INFO 9160 --- [11_icici_banking_app2] [restartedMain] com.zaxxer.hikari.HikariDataSource       : HikariPool-9 - Start completed.
2024-09-03T12:49:31.852+05:30  INFO 9160 --- [11_icici_banking_app2] [restartedMain] o.h.e.t.j.p.i.JtaPlatformInitiator       : HHH000489: No JTA platform available (set 'hibernate.transaction.jta.platform' to enable JTA platform integration)
2024-09-03T12:49:31.923+05:30  INFO 9160 --- [11_icici_banking_app2] [restartedMain] j.LocalContainerEntityManagerFactoryBean : Initialized JPA EntityManagerFactory for persistence unit 'default'
2024-09-03T12:49:32.202+05:30  INFO 9160 --- [11_icici_banking_app2] [restartedMain] r$InitializeUserDetailsManagerConfigurer : Global AuthenticationManager configured with UserDetailsService bean with name customUserDetailService
2024-09-03T12:49:32.234+05:30  WARN 9160 --- [11_icici_banking_app2] [restartedMain] JpaBaseConfiguration$JpaWebConfiguration : spring.jpa.open-in-view is enabled by default. Therefore, database queries may be performed during view rendering. Explicitly configure spring.jpa.open-in-view to disable this warning
2024-09-03T12:49:32.403+05:30  INFO 9160 --- [11_icici_banking_app2] [restartedMain] o.s.b.d.a.OptionalLiveReloadServer       : LiveReload server is running on port 35729
2024-09-03T12:49:32.412+05:30  INFO 9160 --- [11_icici_banking_app2] [restartedMain] o.s.b.w.embedded.tomcat.TomcatWebServer  : Tomcat started on port 8080 (http) with context path '/'
2024-09-03T12:49:32.415+05:30  INFO 9160 --- [11_icici_banking_app2] [restartedMain] com.techlab.mapipngapp.Application       : Started Application in 1.264 seconds (process running for 2001.36)
2024-09-03T12:49:32.416+05:30  INFO 9160 --- [11_icici_banking_app2] [restartedMain] .ConditionEvaluationDeltaLoggingListener : Condition evaluation unchanged
2024-09-03T12:49:39.577+05:30  INFO 9160 --- [11_icici_banking_app2] [http-nio-8080-exec-2] o.a.c.c.C.[Tomcat].[localhost].[/]       : Initializing Spring DispatcherServlet 'dispatcherServlet'
2024-09-03T12:49:39.577+05:30  INFO 9160 --- [11_icici_banking_app2] [http-nio-8080-exec-2] o.s.web.servlet.DispatcherServlet        : Initializing Servlet 'dispatcherServlet'
2024-09-03T12:49:39.578+05:30  INFO 9160 --- [11_icici_banking_app2] [http-nio-8080-exec-2] o.s.web.servlet.DispatcherServlet        : Completed initialization in 1 ms
2024-09-03T12:49:39.634+05:30  WARN 9160 --- [11_icici_banking_app2] [http-nio-8080-exec-2] .m.m.a.ExceptionHandlerExceptionResolver : Resolved [java.lang.NullPointerException: Cannot invoke "com.techlab.mapipngapp.entity.Customer.getCustomerId()" because the return value of "com.techlab.mapipngapp.operation.UserOperation.getCurrentCustomer()" is null]
2024-09-03T12:50:36.742+05:30  WARN 9160 --- [11_icici_banking_app2] [http-nio-8080-exec-5] .m.m.a.ExceptionHandlerExceptionResolver : Resolved [java.lang.RuntimeException: Acces Denied]
